2024-01-25 00:30:37,133 WARN  DialectFactoryImpl:100 - [] HHH90000026: MySQL8Dialect has been deprecated; use org.hibernate.dialect.MySQLDialect instead
2024-01-25 00:30:37,204 WARN  RootClass:356 - [] HHH000038: Composite-id class does not override equals(): com.cybersoft.cozaStore.entity.BlogTagEntity
2024-01-25 00:30:37,204 WARN  RootClass:359 - [] HHH000039: Composite-id class does not override hashCode(): com.cybersoft.cozaStore.entity.BlogTagEntity
2024-01-25 00:30:37,205 WARN  RootClass:356 - [] HHH000038: Composite-id class does not override equals(): com.cybersoft.cozaStore.entity.keys.ProductOrderKeys
2024-01-25 00:30:37,205 WARN  RootClass:359 - [] HHH000039: Composite-id class does not override hashCode(): com.cybersoft.cozaStore.entity.keys.ProductOrderKeys
2024-01-25 00:30:37,902 WARN  JpaBaseConfiguration$JpaWebConfiguration:231 - [] spring.jpa.open-in-view is enabled by default. Therefore, database queries may be performed during view rendering. Explicitly configure spring.jpa.open-in-view to disable this warning
2024-01-25 00:30:42,199 WARN  DialectFactoryImpl:100 - [] HHH90000026: MySQL8Dialect has been deprecated; use org.hibernate.dialect.MySQLDialect instead
2024-01-25 00:30:42,256 WARN  RootClass:356 - [] HHH000038: Composite-id class does not override equals(): com.cybersoft.cozaStore.entity.BlogTagEntity
2024-01-25 00:30:42,257 WARN  RootClass:359 - [] HHH000039: Composite-id class does not override hashCode(): com.cybersoft.cozaStore.entity.BlogTagEntity
2024-01-25 00:30:42,258 WARN  RootClass:356 - [] HHH000038: Composite-id class does not override equals(): com.cybersoft.cozaStore.entity.keys.ProductOrderKeys
2024-01-25 00:30:42,258 WARN  RootClass:359 - [] HHH000039: Composite-id class does not override hashCode(): com.cybersoft.cozaStore.entity.keys.ProductOrderKeys
2024-01-25 00:30:43,958 WARN  JpaBaseConfiguration$JpaWebConfiguration:231 - [] spring.jpa.open-in-view is enabled by default. Therefore, database queries may be performed during view rendering. Explicitly configure spring.jpa.open-in-view to disable this warning
2024-01-25 00:31:32,714 WARN  AbstractHandlerExceptionResolver:207 - [] Resolved [org.springframework.web.HttpRequestMethodNotSupportedException: Request method 'GET' is not supported]
2024-01-25 00:33:29,143 WARN  AbstractHandlerExceptionResolver:207 - [] Resolved [org.springframework.web.HttpRequestMethodNotSupportedException: Request method 'GET' is not supported]
2024-01-25 00:33:36,009 WARN  AbstractHandlerExceptionResolver:207 - [] Resolved [org.springframework.web.HttpRequestMethodNotSupportedException: Request method 'GET' is not supported]
2024-01-25 00:35:10,504 WARN  AbstractHandlerExceptionResolver:207 - [] Resolved [org.springframework.web.HttpRequestMethodNotSupportedException: Request method 'GET' is not supported]
2024-01-25 00:35:20,952 WARN  AbstractHandlerExceptionResolver:207 - [] Resolved [org.springframework.web.HttpRequestMethodNotSupportedException: Request method 'GET' is not supported]
2024-01-25 00:37:33,942 WARN  AbstractApplicationContext:616 - [] Exception encountered during context initialization - cancelling refresh attempt: org.springframework.beans.factory.BeanDefinitionStoreException: Failed to parse configuration class [com.cybersoft.cozaStore.CozaStoreApplication]
2024-01-25 00:37:33,977 ERROR SpringApplication:827 - [] Application run failed
org.springframework.beans.factory.BeanDefinitionStoreException: Failed to parse configuration class [com.cybersoft.cozaStore.CozaStoreApplication]
	at org.springframework.context.annotation.ConfigurationClassParser.parse(ConfigurationClassParser.java:178)
	at org.springframework.context.annotation.ConfigurationClassPostProcessor.processConfigBeanDefinitions(ConfigurationClassPostProcessor.java:415)
	at org.springframework.context.annotation.ConfigurationClassPostProcessor.postProcessBeanDefinitionRegistry(ConfigurationClassPostProcessor.java:287)
	at org.springframework.context.support.PostProcessorRegistrationDelegate.invokeBeanDefinitionRegistryPostProcessors(PostProcessorRegistrationDelegate.java:344)
	at org.springframework.context.support.PostProcessorRegistrationDelegate.invokeBeanFactoryPostProcessors(PostProcessorRegistrationDelegate.java:115)
	at org.springframework.context.support.AbstractApplicationContext.invokeBeanFactoryPostProcessors(AbstractApplicationContext.java:771)
	at org.springframework.context.support.AbstractApplicationContext.refresh(AbstractApplicationContext.java:589)
	at org.springframework.boot.web.servlet.context.ServletWebServerApplicationContext.refresh(ServletWebServerApplicationContext.java:146)
	at org.springframework.boot.SpringApplication.refresh(SpringApplication.java:737)
	at org.springframework.boot.SpringApplication.refreshContext(SpringApplication.java:439)
	at org.springframework.boot.SpringApplication.run(SpringApplication.java:315)
	at org.springframework.boot.SpringApplication.run(SpringApplication.java:1309)
	at org.springframework.boot.SpringApplication.run(SpringApplication.java:1298)
	at com.cybersoft.cozaStore.CozaStoreApplication.main(CozaStoreApplication.java:15)
	at java.base/jdk.internal.reflect.DirectMethodHandleAccessor.invoke(DirectMethodHandleAccessor.java:104)
	at java.base/java.lang.reflect.Method.invoke(Method.java:578)
	at org.springframework.boot.devtools.restart.RestartLauncher.run(RestartLauncher.java:50)
Caused by: java.io.FileNotFoundException: class path resource [com/cybersoft/cozaStore/service/imp/RoleServiceImp.class] cannot be opened because it does not exist
	at org.springframework.core.io.ClassPathResource.getInputStream(ClassPathResource.java:211)
	at org.springframework.core.type.classreading.SimpleMetadataReader.getClassReader(SimpleMetadataReader.java:54)
	at org.springframework.core.type.classreading.SimpleMetadataReader.<init>(SimpleMetadataReader.java:48)
	at org.springframework.core.type.classreading.SimpleMetadataReaderFactory.getMetadataReader(SimpleMetadataReaderFactory.java:103)
	at org.springframework.boot.type.classreading.ConcurrentReferenceCachingMetadataReaderFactory.createMetadataReader(ConcurrentReferenceCachingMetadataReaderFactory.java:86)
	at org.springframework.boot.type.classreading.ConcurrentReferenceCachingMetadataReaderFactory.getMetadataReader(ConcurrentReferenceCachingMetadataReaderFactory.java:73)
	at org.springframework.core.type.classreading.SimpleMetadataReaderFactory.getMetadataReader(SimpleMetadataReaderFactory.java:81)
	at org.springframework.context.annotation.ConfigurationClassParser.asSourceClass(ConfigurationClassParser.java:613)
	at org.springframework.context.annotation.ConfigurationClassParser$SourceClass.getInterfaces(ConfigurationClassParser.java:939)
	at org.springframework.context.annotation.ConfigurationClassParser.processInterfaces(ConfigurationClassParser.java:379)
	at org.springframework.context.annotation.ConfigurationClassParser.doProcessConfigurationClass(ConfigurationClassParser.java:325)
	at org.springframework.context.annotation.ConfigurationClassParser.processConfigurationClass(ConfigurationClassParser.java:243)
	at org.springframework.context.annotation.ConfigurationClassParser.parse(ConfigurationClassParser.java:188)
	at org.springframework.context.annotation.ConfigurationClassParser.doProcessConfigurationClass(ConfigurationClassParser.java:297)
	at org.springframework.context.annotation.ConfigurationClassParser.processConfigurationClass(ConfigurationClassParser.java:243)
	at org.springframework.context.annotation.ConfigurationClassParser.parse(ConfigurationClassParser.java:196)
	at org.springframework.context.annotation.ConfigurationClassParser.parse(ConfigurationClassParser.java:164)
	... 16 common frames omitted
2024-01-25 00:37:39,336 WARN  DialectFactoryImpl:100 - [] HHH90000026: MySQL8Dialect has been deprecated; use org.hibernate.dialect.MySQLDialect instead
2024-01-25 00:37:39,395 WARN  RootClass:356 - [] HHH000038: Composite-id class does not override equals(): com.cybersoft.cozaStore.entity.BlogTagEntity
2024-01-25 00:37:39,396 WARN  RootClass:359 - [] HHH000039: Composite-id class does not override hashCode(): com.cybersoft.cozaStore.entity.BlogTagEntity
2024-01-25 00:37:39,397 WARN  RootClass:356 - [] HHH000038: Composite-id class does not override equals(): com.cybersoft.cozaStore.entity.keys.ProductOrderKeys
2024-01-25 00:37:39,398 WARN  RootClass:359 - [] HHH000039: Composite-id class does not override hashCode(): com.cybersoft.cozaStore.entity.keys.ProductOrderKeys
2024-01-25 00:37:40,238 WARN  JpaBaseConfiguration$JpaWebConfiguration:231 - [] spring.jpa.open-in-view is enabled by default. Therefore, database queries may be performed during view rendering. Explicitly configure spring.jpa.open-in-view to disable this warning
2024-01-25 00:37:40,400 WARN  AbstractApplicationContext:616 - [] Exception encountered during context initialization - cancelling refresh attempt: org.springframework.beans.factory.UnsatisfiedDependencyException: Error creating bean with name 'apiRoleController': Unsatisfied dependency expressed through field 'roleServiceImp': No qualifying bean of type 'com.cybersoft.cozaStore.service.imp.RoleServiceImp' available: expected at least 1 bean which qualifies as autowire candidate. Dependency annotations: {@org.springframework.beans.factory.annotation.Autowired(required=true)}
2024-01-25 00:37:40,507 ERROR LoggingFailureAnalysisReporter:40 - [] 

***************************
APPLICATION FAILED TO START
***************************

Description:

Field roleServiceImp in com.cybersoft.cozaStore.api.ApiRoleController required a bean of type 'com.cybersoft.cozaStore.service.imp.RoleServiceImp' that could not be found.

The injection point has the following annotations:
	- @org.springframework.beans.factory.annotation.Autowired(required=true)


Action:

Consider defining a bean of type 'com.cybersoft.cozaStore.service.imp.RoleServiceImp' in your configuration.

2024-01-25 00:37:45,678 WARN  DialectFactoryImpl:100 - [] HHH90000026: MySQL8Dialect has been deprecated; use org.hibernate.dialect.MySQLDialect instead
2024-01-25 00:37:46,179 WARN  RootClass:356 - [] HHH000038: Composite-id class does not override equals(): com.cybersoft.cozaStore.entity.BlogTagEntity
2024-01-25 00:37:46,180 WARN  RootClass:359 - [] HHH000039: Composite-id class does not override hashCode(): com.cybersoft.cozaStore.entity.BlogTagEntity
2024-01-25 00:37:46,180 WARN  RootClass:356 - [] HHH000038: Composite-id class does not override equals(): com.cybersoft.cozaStore.entity.keys.ProductOrderKeys
2024-01-25 00:37:46,180 WARN  RootClass:359 - [] HHH000039: Composite-id class does not override hashCode(): com.cybersoft.cozaStore.entity.keys.ProductOrderKeys
2024-01-25 00:37:46,944 WARN  JpaBaseConfiguration$JpaWebConfiguration:231 - [] spring.jpa.open-in-view is enabled by default. Therefore, database queries may be performed during view rendering. Explicitly configure spring.jpa.open-in-view to disable this warning
2024-01-25 00:37:47,128 WARN  AbstractApplicationContext:616 - [] Exception encountered during context initialization - cancelling refresh attempt: org.springframework.beans.factory.BeanCreationException: Error creating bean with name 'apiRoleController' defined in file [E:\JavaT2T6\Spring\cozaStore\cozaStore\target\classes\com\cybersoft\cozaStore\api\ApiRoleController.class]: Post-processing of merged bean definition failed
2024-01-25 00:37:47,305 ERROR SpringApplication:827 - [] Application run failed
org.springframework.beans.factory.BeanCreationException: Error creating bean with name 'apiRoleController' defined in file [E:\JavaT2T6\Spring\cozaStore\cozaStore\target\classes\com\cybersoft\cozaStore\api\ApiRoleController.class]: Post-processing of merged bean definition failed
	at org.springframework.beans.factory.support.AbstractAutowireCapableBeanFactory.doCreateBean(AbstractAutowireCapableBeanFactory.java:575)
	at org.springframework.beans.factory.support.AbstractAutowireCapableBeanFactory.createBean(AbstractAutowireCapableBeanFactory.java:520)
	at org.springframework.beans.factory.support.AbstractBeanFactory.lambda$doGetBean$0(AbstractBeanFactory.java:325)
	at org.springframework.beans.factory.support.DefaultSingletonBeanRegistry.getSingleton(DefaultSingletonBeanRegistry.java:234)
	at org.springframework.beans.factory.support.AbstractBeanFactory.doGetBean(AbstractBeanFactory.java:323)
	at org.springframework.beans.factory.support.AbstractBeanFactory.getBean(AbstractBeanFactory.java:199)
	at org.springframework.beans.factory.support.DefaultListableBeanFactory.preInstantiateSingletons(DefaultListableBeanFactory.java:973)
	at org.springframework.context.support.AbstractApplicationContext.finishBeanFactoryInitialization(AbstractApplicationContext.java:942)
	at org.springframework.context.support.AbstractApplicationContext.refresh(AbstractApplicationContext.java:608)
	at org.springframework.boot.web.servlet.context.ServletWebServerApplicationContext.refresh(ServletWebServerApplicationContext.java:146)
	at org.springframework.boot.SpringApplication.refresh(SpringApplication.java:737)
	at org.springframework.boot.SpringApplication.refreshContext(SpringApplication.java:439)
	at org.springframework.boot.SpringApplication.run(SpringApplication.java:315)
	at org.springframework.boot.SpringApplication.run(SpringApplication.java:1309)
	at org.springframework.boot.SpringApplication.run(SpringApplication.java:1298)
	at com.cybersoft.cozaStore.CozaStoreApplication.main(CozaStoreApplication.java:15)
	at java.base/jdk.internal.reflect.DirectMethodHandleAccessor.invoke(DirectMethodHandleAccessor.java:104)
	at java.base/java.lang.reflect.Method.invoke(Method.java:578)
	at org.springframework.boot.devtools.restart.RestartLauncher.run(RestartLauncher.java:50)
Caused by: java.lang.IllegalStateException: Failed to introspect Class [com.cybersoft.cozaStore.api.ApiRoleController] from ClassLoader [org.springframework.boot.devtools.restart.classloader.RestartClassLoader@7621248c]
	at org.springframework.util.ReflectionUtils.getDeclaredFields(ReflectionUtils.java:732)
	at org.springframework.util.ReflectionUtils.doWithLocalFields(ReflectionUtils.java:664)
	at org.springframework.orm.jpa.support.PersistenceAnnotationBeanPostProcessor.buildPersistenceMetadata(PersistenceAnnotationBeanPostProcessor.java:436)
	at org.springframework.orm.jpa.support.PersistenceAnnotationBeanPostProcessor.findPersistenceMetadata(PersistenceAnnotationBeanPostProcessor.java:417)
	at org.springframework.orm.jpa.support.PersistenceAnnotationBeanPostProcessor.findInjectionMetadata(PersistenceAnnotationBeanPostProcessor.java:371)
	at org.springframework.orm.jpa.support.PersistenceAnnotationBeanPostProcessor.postProcessMergedBeanDefinition(PersistenceAnnotationBeanPostProcessor.java:353)
	at org.springframework.beans.factory.support.AbstractAutowireCapableBeanFactory.applyMergedBeanDefinitionPostProcessors(AbstractAutowireCapableBeanFactory.java:1083)
	at org.springframework.beans.factory.support.AbstractAutowireCapableBeanFactory.doCreateBean(AbstractAutowireCapableBeanFactory.java:572)
	... 18 common frames omitted
Caused by: java.lang.NoClassDefFoundError: com/cybersoft/cozaStore/service/imp/RoleServiceImp
	at java.base/java.lang.Class.getDeclaredFields0(Native Method)
	at java.base/java.lang.Class.privateGetDeclaredFields(Class.java:3353)
	at java.base/java.lang.Class.getDeclaredFields(Class.java:2424)
	at org.springframework.util.ReflectionUtils.getDeclaredFields(ReflectionUtils.java:727)
	... 25 common frames omitted
Caused by: java.lang.ClassNotFoundException: com.cybersoft.cozaStore.service.imp.RoleServiceImp
	at java.base/jdk.internal.loader.BuiltinClassLoader.loadClass(BuiltinClassLoader.java:641)
	at java.base/jdk.internal.loader.ClassLoaders$AppClassLoader.loadClass(ClassLoaders.java:188)
	at java.base/java.lang.ClassLoader.loadClass(ClassLoader.java:521)
	at java.base/java.lang.Class.forName0(Native Method)
	at java.base/java.lang.Class.forName(Class.java:495)
	at java.base/java.lang.Class.forName(Class.java:474)
	at org.springframework.boot.devtools.restart.classloader.RestartClassLoader.loadClass(RestartClassLoader.java:121)
	at java.base/java.lang.ClassLoader.loadClass(ClassLoader.java:521)
	... 29 common frames omitted
2024-01-25 00:37:54,889 WARN  DialectFactoryImpl:100 - [] HHH90000026: MySQL8Dialect has been deprecated; use org.hibernate.dialect.MySQLDialect instead
2024-01-25 00:37:54,989 WARN  RootClass:356 - [] HHH000038: Composite-id class does not override equals(): com.cybersoft.cozaStore.entity.BlogTagEntity
2024-01-25 00:37:54,993 WARN  RootClass:359 - [] HHH000039: Composite-id class does not override hashCode(): com.cybersoft.cozaStore.entity.BlogTagEntity
2024-01-25 00:37:54,997 WARN  RootClass:356 - [] HHH000038: Composite-id class does not override equals(): com.cybersoft.cozaStore.entity.keys.ProductOrderKeys
2024-01-25 00:37:54,998 WARN  RootClass:359 - [] HHH000039: Composite-id class does not override hashCode(): com.cybersoft.cozaStore.entity.keys.ProductOrderKeys
2024-01-25 00:37:55,582 WARN  JpaBaseConfiguration$JpaWebConfiguration:231 - [] spring.jpa.open-in-view is enabled by default. Therefore, database queries may be performed during view rendering. Explicitly configure spring.jpa.open-in-view to disable this warning
2024-01-25 00:37:55,686 WARN  AbstractApplicationContext:616 - [] Exception encountered during context initialization - cancelling refresh attempt: org.springframework.beans.factory.UnsatisfiedDependencyException: Error creating bean with name 'apiRoleController': Unsatisfied dependency expressed through field 'roleServiceImp': No qualifying bean of type 'com.cybersoft.cozaStore.service.imp.RoleServiceImp' available: expected at least 1 bean which qualifies as autowire candidate. Dependency annotations: {@org.springframework.beans.factory.annotation.Autowired(required=true)}
2024-01-25 00:37:55,782 ERROR LoggingFailureAnalysisReporter:40 - [] 

***************************
APPLICATION FAILED TO START
***************************

Description:

Field roleServiceImp in com.cybersoft.cozaStore.api.ApiRoleController required a bean of type 'com.cybersoft.cozaStore.service.imp.RoleServiceImp' that could not be found.

The injection point has the following annotations:
	- @org.springframework.beans.factory.annotation.Autowired(required=true)


Action:

Consider defining a bean of type 'com.cybersoft.cozaStore.service.imp.RoleServiceImp' in your configuration.

2024-01-25 00:38:01,039 WARN  DialectFactoryImpl:100 - [] HHH90000026: MySQL8Dialect has been deprecated; use org.hibernate.dialect.MySQLDialect instead
2024-01-25 00:38:01,117 WARN  RootClass:356 - [] HHH000038: Composite-id class does not override equals(): com.cybersoft.cozaStore.entity.BlogTagEntity
2024-01-25 00:38:01,119 WARN  RootClass:359 - [] HHH000039: Composite-id class does not override hashCode(): com.cybersoft.cozaStore.entity.BlogTagEntity
2024-01-25 00:38:01,119 WARN  RootClass:356 - [] HHH000038: Composite-id class does not override equals(): com.cybersoft.cozaStore.entity.keys.ProductOrderKeys
2024-01-25 00:38:01,120 WARN  RootClass:359 - [] HHH000039: Composite-id class does not override hashCode(): com.cybersoft.cozaStore.entity.keys.ProductOrderKeys
2024-01-25 00:38:01,827 WARN  JpaBaseConfiguration$JpaWebConfiguration:231 - [] spring.jpa.open-in-view is enabled by default. Therefore, database queries may be performed during view rendering. Explicitly configure spring.jpa.open-in-view to disable this warning
2024-01-25 00:38:01,950 WARN  AbstractApplicationContext:616 - [] Exception encountered during context initialization - cancelling refresh attempt: org.springframework.beans.factory.BeanCreationException: Error creating bean with name 'apiRoleController' defined in file [E:\JavaT2T6\Spring\cozaStore\cozaStore\target\classes\com\cybersoft\cozaStore\api\ApiRoleController.class]: Post-processing of merged bean definition failed
2024-01-25 00:38:02,022 ERROR SpringApplication:827 - [] Application run failed
org.springframework.beans.factory.BeanCreationException: Error creating bean with name 'apiRoleController' defined in file [E:\JavaT2T6\Spring\cozaStore\cozaStore\target\classes\com\cybersoft\cozaStore\api\ApiRoleController.class]: Post-processing of merged bean definition failed
	at org.springframework.beans.factory.support.AbstractAutowireCapableBeanFactory.doCreateBean(AbstractAutowireCapableBeanFactory.java:575)
	at org.springframework.beans.factory.support.AbstractAutowireCapableBeanFactory.createBean(AbstractAutowireCapableBeanFactory.java:520)
	at org.springframework.beans.factory.support.AbstractBeanFactory.lambda$doGetBean$0(AbstractBeanFactory.java:325)
	at org.springframework.beans.factory.support.DefaultSingletonBeanRegistry.getSingleton(DefaultSingletonBeanRegistry.java:234)
	at org.springframework.beans.factory.support.AbstractBeanFactory.doGetBean(AbstractBeanFactory.java:323)
	at org.springframework.beans.factory.support.AbstractBeanFactory.getBean(AbstractBeanFactory.java:199)
	at org.springframework.beans.factory.support.DefaultListableBeanFactory.preInstantiateSingletons(DefaultListableBeanFactory.java:973)
	at org.springframework.context.support.AbstractApplicationContext.finishBeanFactoryInitialization(AbstractApplicationContext.java:942)
	at org.springframework.context.support.AbstractApplicationContext.refresh(AbstractApplicationContext.java:608)
	at org.springframework.boot.web.servlet.context.ServletWebServerApplicationContext.refresh(ServletWebServerApplicationContext.java:146)
	at org.springframework.boot.SpringApplication.refresh(SpringApplication.java:737)
	at org.springframework.boot.SpringApplication.refreshContext(SpringApplication.java:439)
	at org.springframework.boot.SpringApplication.run(SpringApplication.java:315)
	at org.springframework.boot.SpringApplication.run(SpringApplication.java:1309)
	at org.springframework.boot.SpringApplication.run(SpringApplication.java:1298)
	at com.cybersoft.cozaStore.CozaStoreApplication.main(CozaStoreApplication.java:15)
	at java.base/jdk.internal.reflect.DirectMethodHandleAccessor.invoke(DirectMethodHandleAccessor.java:104)
	at java.base/java.lang.reflect.Method.invoke(Method.java:578)
	at org.springframework.boot.devtools.restart.RestartLauncher.run(RestartLauncher.java:50)
Caused by: java.lang.IllegalStateException: Failed to introspect Class [com.cybersoft.cozaStore.api.ApiRoleController] from ClassLoader [org.springframework.boot.devtools.restart.classloader.RestartClassLoader@39d5b573]
	at org.springframework.util.ReflectionUtils.getDeclaredFields(ReflectionUtils.java:732)
	at org.springframework.util.ReflectionUtils.doWithLocalFields(ReflectionUtils.java:664)
	at org.springframework.orm.jpa.support.PersistenceAnnotationBeanPostProcessor.buildPersistenceMetadata(PersistenceAnnotationBeanPostProcessor.java:436)
	at org.springframework.orm.jpa.support.PersistenceAnnotationBeanPostProcessor.findPersistenceMetadata(PersistenceAnnotationBeanPostProcessor.java:417)
	at org.springframework.orm.jpa.support.PersistenceAnnotationBeanPostProcessor.findInjectionMetadata(PersistenceAnnotationBeanPostProcessor.java:371)
	at org.springframework.orm.jpa.support.PersistenceAnnotationBeanPostProcessor.postProcessMergedBeanDefinition(PersistenceAnnotationBeanPostProcessor.java:353)
	at org.springframework.beans.factory.support.AbstractAutowireCapableBeanFactory.applyMergedBeanDefinitionPostProcessors(AbstractAutowireCapableBeanFactory.java:1083)
	at org.springframework.beans.factory.support.AbstractAutowireCapableBeanFactory.doCreateBean(AbstractAutowireCapableBeanFactory.java:572)
	... 18 common frames omitted
Caused by: java.lang.NoClassDefFoundError: com/cybersoft/cozaStore/service/imp/RoleServiceImp
	at java.base/java.lang.Class.getDeclaredFields0(Native Method)
	at java.base/java.lang.Class.privateGetDeclaredFields(Class.java:3353)
	at java.base/java.lang.Class.getDeclaredFields(Class.java:2424)
	at org.springframework.util.ReflectionUtils.getDeclaredFields(ReflectionUtils.java:727)
	... 25 common frames omitted
Caused by: java.lang.ClassNotFoundException: com.cybersoft.cozaStore.service.imp.RoleServiceImp
	at java.base/jdk.internal.loader.BuiltinClassLoader.loadClass(BuiltinClassLoader.java:641)
	at java.base/jdk.internal.loader.ClassLoaders$AppClassLoader.loadClass(ClassLoaders.java:188)
	at java.base/java.lang.ClassLoader.loadClass(ClassLoader.java:521)
	at java.base/java.lang.Class.forName0(Native Method)
	at java.base/java.lang.Class.forName(Class.java:495)
	at java.base/java.lang.Class.forName(Class.java:474)
	at org.springframework.boot.devtools.restart.classloader.RestartClassLoader.loadClass(RestartClassLoader.java:121)
	at java.base/java.lang.ClassLoader.loadClass(ClassLoader.java:521)
	... 29 common frames omitted
2024-01-25 00:38:07,136 WARN  DialectFactoryImpl:100 - [] HHH90000026: MySQL8Dialect has been deprecated; use org.hibernate.dialect.MySQLDialect instead
2024-01-25 00:38:07,203 WARN  RootClass:356 - [] HHH000038: Composite-id class does not override equals(): com.cybersoft.cozaStore.entity.BlogTagEntity
2024-01-25 00:38:07,205 WARN  RootClass:359 - [] HHH000039: Composite-id class does not override hashCode(): com.cybersoft.cozaStore.entity.BlogTagEntity
2024-01-25 00:38:07,207 WARN  RootClass:356 - [] HHH000038: Composite-id class does not override equals(): com.cybersoft.cozaStore.entity.keys.ProductOrderKeys
2024-01-25 00:38:07,208 WARN  RootClass:359 - [] HHH000039: Composite-id class does not override hashCode(): com.cybersoft.cozaStore.entity.keys.ProductOrderKeys
2024-01-25 00:38:07,846 WARN  JpaBaseConfiguration$JpaWebConfiguration:231 - [] spring.jpa.open-in-view is enabled by default. Therefore, database queries may be performed during view rendering. Explicitly configure spring.jpa.open-in-view to disable this warning
2024-01-25 00:38:07,937 WARN  AbstractApplicationContext:616 - [] Exception encountered during context initialization - cancelling refresh attempt: org.springframework.beans.factory.UnsatisfiedDependencyException: Error creating bean with name 'apiRoleController': Unsatisfied dependency expressed through field 'roleServiceImp': No qualifying bean of type 'com.cybersoft.cozaStore.service.imp.RoleServiceImp' available: expected at least 1 bean which qualifies as autowire candidate. Dependency annotations: {@org.springframework.beans.factory.annotation.Autowired(required=true)}
2024-01-25 00:38:07,970 ERROR LoggingFailureAnalysisReporter:40 - [] 

***************************
APPLICATION FAILED TO START
***************************

Description:

Field roleServiceImp in com.cybersoft.cozaStore.api.ApiRoleController required a bean of type 'com.cybersoft.cozaStore.service.imp.RoleServiceImp' that could not be found.

The injection point has the following annotations:
	- @org.springframework.beans.factory.annotation.Autowired(required=true)


Action:

Consider defining a bean of type 'com.cybersoft.cozaStore.service.imp.RoleServiceImp' in your configuration.

2024-01-25 00:38:12,215 WARN  DialectFactoryImpl:100 - [] HHH90000026: MySQL8Dialect has been deprecated; use org.hibernate.dialect.MySQLDialect instead
2024-01-25 00:38:12,280 WARN  RootClass:356 - [] HHH000038: Composite-id class does not override equals(): com.cybersoft.cozaStore.entity.BlogTagEntity
2024-01-25 00:38:12,281 WARN  RootClass:359 - [] HHH000039: Composite-id class does not override hashCode(): com.cybersoft.cozaStore.entity.BlogTagEntity
2024-01-25 00:38:12,281 WARN  RootClass:356 - [] HHH000038: Composite-id class does not override equals(): com.cybersoft.cozaStore.entity.keys.ProductOrderKeys
2024-01-25 00:38:12,281 WARN  RootClass:359 - [] HHH000039: Composite-id class does not override hashCode(): com.cybersoft.cozaStore.entity.keys.ProductOrderKeys
2024-01-25 00:38:12,829 WARN  JpaBaseConfiguration$JpaWebConfiguration:231 - [] spring.jpa.open-in-view is enabled by default. Therefore, database queries may be performed during view rendering. Explicitly configure spring.jpa.open-in-view to disable this warning
2024-01-25 00:38:12,947 WARN  AbstractApplicationContext:616 - [] Exception encountered during context initialization - cancelling refresh attempt: org.springframework.beans.factory.BeanCreationException: Error creating bean with name 'apiRoleController' defined in file [E:\JavaT2T6\Spring\cozaStore\cozaStore\target\classes\com\cybersoft\cozaStore\api\ApiRoleController.class]: Post-processing of merged bean definition failed
2024-01-25 00:38:13,272 ERROR SpringApplication:827 - [] Application run failed
org.springframework.beans.factory.BeanCreationException: Error creating bean with name 'apiRoleController' defined in file [E:\JavaT2T6\Spring\cozaStore\cozaStore\target\classes\com\cybersoft\cozaStore\api\ApiRoleController.class]: Post-processing of merged bean definition failed
	at org.springframework.beans.factory.support.AbstractAutowireCapableBeanFactory.doCreateBean(AbstractAutowireCapableBeanFactory.java:575)
	at org.springframework.beans.factory.support.AbstractAutowireCapableBeanFactory.createBean(AbstractAutowireCapableBeanFactory.java:520)
	at org.springframework.beans.factory.support.AbstractBeanFactory.lambda$doGetBean$0(AbstractBeanFactory.java:325)
	at org.springframework.beans.factory.support.DefaultSingletonBeanRegistry.getSingleton(DefaultSingletonBeanRegistry.java:234)
	at org.springframework.beans.factory.support.AbstractBeanFactory.doGetBean(AbstractBeanFactory.java:323)
	at org.springframework.beans.factory.support.AbstractBeanFactory.getBean(AbstractBeanFactory.java:199)
	at org.springframework.beans.factory.support.DefaultListableBeanFactory.preInstantiateSingletons(DefaultListableBeanFactory.java:973)
	at org.springframework.context.support.AbstractApplicationContext.finishBeanFactoryInitialization(AbstractApplicationContext.java:942)
	at org.springframework.context.support.AbstractApplicationContext.refresh(AbstractApplicationContext.java:608)
	at org.springframework.boot.web.servlet.context.ServletWebServerApplicationContext.refresh(ServletWebServerApplicationContext.java:146)
	at org.springframework.boot.SpringApplication.refresh(SpringApplication.java:737)
	at org.springframework.boot.SpringApplication.refreshContext(SpringApplication.java:439)
	at org.springframework.boot.SpringApplication.run(SpringApplication.java:315)
	at org.springframework.boot.SpringApplication.run(SpringApplication.java:1309)
	at org.springframework.boot.SpringApplication.run(SpringApplication.java:1298)
	at com.cybersoft.cozaStore.CozaStoreApplication.main(CozaStoreApplication.java:15)
	at java.base/jdk.internal.reflect.DirectMethodHandleAccessor.invoke(DirectMethodHandleAccessor.java:104)
	at java.base/java.lang.reflect.Method.invoke(Method.java:578)
	at org.springframework.boot.devtools.restart.RestartLauncher.run(RestartLauncher.java:50)
Caused by: java.lang.IllegalStateException: Failed to introspect Class [com.cybersoft.cozaStore.api.ApiRoleController] from ClassLoader [org.springframework.boot.devtools.restart.classloader.RestartClassLoader@6756fa9b]
	at org.springframework.util.ReflectionUtils.getDeclaredFields(ReflectionUtils.java:732)
	at org.springframework.util.ReflectionUtils.doWithLocalFields(ReflectionUtils.java:664)
	at org.springframework.orm.jpa.support.PersistenceAnnotationBeanPostProcessor.buildPersistenceMetadata(PersistenceAnnotationBeanPostProcessor.java:436)
	at org.springframework.orm.jpa.support.PersistenceAnnotationBeanPostProcessor.findPersistenceMetadata(PersistenceAnnotationBeanPostProcessor.java:417)
	at org.springframework.orm.jpa.support.PersistenceAnnotationBeanPostProcessor.findInjectionMetadata(PersistenceAnnotationBeanPostProcessor.java:371)
	at org.springframework.orm.jpa.support.PersistenceAnnotationBeanPostProcessor.postProcessMergedBeanDefinition(PersistenceAnnotationBeanPostProcessor.java:353)
	at org.springframework.beans.factory.support.AbstractAutowireCapableBeanFactory.applyMergedBeanDefinitionPostProcessors(AbstractAutowireCapableBeanFactory.java:1083)
	at org.springframework.beans.factory.support.AbstractAutowireCapableBeanFactory.doCreateBean(AbstractAutowireCapableBeanFactory.java:572)
	... 18 common frames omitted
Caused by: java.lang.NoClassDefFoundError: com/cybersoft/cozaStore/service/imp/RoleServiceImp
	at java.base/java.lang.Class.getDeclaredFields0(Native Method)
	at java.base/java.lang.Class.privateGetDeclaredFields(Class.java:3353)
	at java.base/java.lang.Class.getDeclaredFields(Class.java:2424)
	at org.springframework.util.ReflectionUtils.getDeclaredFields(ReflectionUtils.java:727)
	... 25 common frames omitted
Caused by: java.lang.ClassNotFoundException: com.cybersoft.cozaStore.service.imp.RoleServiceImp
	at java.base/jdk.internal.loader.BuiltinClassLoader.loadClass(BuiltinClassLoader.java:641)
	at java.base/jdk.internal.loader.ClassLoaders$AppClassLoader.loadClass(ClassLoaders.java:188)
	at java.base/java.lang.ClassLoader.loadClass(ClassLoader.java:521)
	at java.base/java.lang.Class.forName0(Native Method)
	at java.base/java.lang.Class.forName(Class.java:495)
	at java.base/java.lang.Class.forName(Class.java:474)
	at org.springframework.boot.devtools.restart.classloader.RestartClassLoader.loadClass(RestartClassLoader.java:121)
	at java.base/java.lang.ClassLoader.loadClass(ClassLoader.java:521)
	... 29 common frames omitted
2024-01-25 00:38:18,105 WARN  DialectFactoryImpl:100 - [] HHH90000026: MySQL8Dialect has been deprecated; use org.hibernate.dialect.MySQLDialect instead
2024-01-25 00:38:18,165 WARN  RootClass:356 - [] HHH000038: Composite-id class does not override equals(): com.cybersoft.cozaStore.entity.BlogTagEntity
2024-01-25 00:38:18,166 WARN  RootClass:359 - [] HHH000039: Composite-id class does not override hashCode(): com.cybersoft.cozaStore.entity.BlogTagEntity
2024-01-25 00:38:18,166 WARN  RootClass:356 - [] HHH000038: Composite-id class does not override equals(): com.cybersoft.cozaStore.entity.keys.ProductOrderKeys
2024-01-25 00:38:18,166 WARN  RootClass:359 - [] HHH000039: Composite-id class does not override hashCode(): com.cybersoft.cozaStore.entity.keys.ProductOrderKeys
2024-01-25 00:38:18,951 WARN  JpaBaseConfiguration$JpaWebConfiguration:231 - [] spring.jpa.open-in-view is enabled by default. Therefore, database queries may be performed during view rendering. Explicitly configure spring.jpa.open-in-view to disable this warning
2024-01-25 00:38:19,169 WARN  AbstractApplicationContext:616 - [] Exception encountered during context initialization - cancelling refresh attempt: org.springframework.beans.factory.UnsatisfiedDependencyException: Error creating bean with name 'apiRoleController': Unsatisfied dependency expressed through field 'roleServiceImp': No qualifying bean of type 'com.cybersoft.cozaStore.service.imp.RoleServiceImp' available: expected at least 1 bean which qualifies as autowire candidate. Dependency annotations: {@org.springframework.beans.factory.annotation.Autowired(required=true)}
2024-01-25 00:38:19,298 ERROR LoggingFailureAnalysisReporter:40 - [] 

***************************
APPLICATION FAILED TO START
***************************

Description:

Field roleServiceImp in com.cybersoft.cozaStore.api.ApiRoleController required a bean of type 'com.cybersoft.cozaStore.service.imp.RoleServiceImp' that could not be found.

The injection point has the following annotations:
	- @org.springframework.beans.factory.annotation.Autowired(required=true)


Action:

Consider defining a bean of type 'com.cybersoft.cozaStore.service.imp.RoleServiceImp' in your configuration.

2024-01-25 00:38:43,438 WARN  DialectFactoryImpl:100 - [] HHH90000026: MySQL8Dialect has been deprecated; use org.hibernate.dialect.MySQLDialect instead
2024-01-25 00:38:43,505 WARN  RootClass:356 - [] HHH000038: Composite-id class does not override equals(): com.cybersoft.cozaStore.entity.BlogTagEntity
2024-01-25 00:38:43,506 WARN  RootClass:359 - [] HHH000039: Composite-id class does not override hashCode(): com.cybersoft.cozaStore.entity.BlogTagEntity
2024-01-25 00:38:43,506 WARN  RootClass:356 - [] HHH000038: Composite-id class does not override equals(): com.cybersoft.cozaStore.entity.keys.ProductOrderKeys
2024-01-25 00:38:43,506 WARN  RootClass:359 - [] HHH000039: Composite-id class does not override hashCode(): com.cybersoft.cozaStore.entity.keys.ProductOrderKeys
2024-01-25 00:38:44,499 WARN  JpaBaseConfiguration$JpaWebConfiguration:231 - [] spring.jpa.open-in-view is enabled by default. Therefore, database queries may be performed during view rendering. Explicitly configure spring.jpa.open-in-view to disable this warning
2024-01-25 00:38:44,590 WARN  AbstractApplicationContext:616 - [] Exception encountered during context initialization - cancelling refresh attempt: org.springframework.beans.factory.BeanCreationException: Error creating bean with name 'apiRoleController' defined in file [E:\JavaT2T6\Spring\cozaStore\cozaStore\target\classes\com\cybersoft\cozaStore\api\ApiRoleController.class]: Post-processing of merged bean definition failed
2024-01-25 00:38:44,608 ERROR SpringApplication:827 - [] Application run failed
org.springframework.beans.factory.BeanCreationException: Error creating bean with name 'apiRoleController' defined in file [E:\JavaT2T6\Spring\cozaStore\cozaStore\target\classes\com\cybersoft\cozaStore\api\ApiRoleController.class]: Post-processing of merged bean definition failed
	at org.springframework.beans.factory.support.AbstractAutowireCapableBeanFactory.doCreateBean(AbstractAutowireCapableBeanFactory.java:575)
	at org.springframework.beans.factory.support.AbstractAutowireCapableBeanFactory.createBean(AbstractAutowireCapableBeanFactory.java:520)
	at org.springframework.beans.factory.support.AbstractBeanFactory.lambda$doGetBean$0(AbstractBeanFactory.java:325)
	at org.springframework.beans.factory.support.DefaultSingletonBeanRegistry.getSingleton(DefaultSingletonBeanRegistry.java:234)
	at org.springframework.beans.factory.support.AbstractBeanFactory.doGetBean(AbstractBeanFactory.java:323)
	at org.springframework.beans.factory.support.AbstractBeanFactory.getBean(AbstractBeanFactory.java:199)
	at org.springframework.beans.factory.support.DefaultListableBeanFactory.preInstantiateSingletons(DefaultListableBeanFactory.java:973)
	at org.springframework.context.support.AbstractApplicationContext.finishBeanFactoryInitialization(AbstractApplicationContext.java:942)
	at org.springframework.context.support.AbstractApplicationContext.refresh(AbstractApplicationContext.java:608)
	at org.springframework.boot.web.servlet.context.ServletWebServerApplicationContext.refresh(ServletWebServerApplicationContext.java:146)
	at org.springframework.boot.SpringApplication.refresh(SpringApplication.java:737)
	at org.springframework.boot.SpringApplication.refreshContext(SpringApplication.java:439)
	at org.springframework.boot.SpringApplication.run(SpringApplication.java:315)
	at org.springframework.boot.SpringApplication.run(SpringApplication.java:1309)
	at org.springframework.boot.SpringApplication.run(SpringApplication.java:1298)
	at com.cybersoft.cozaStore.CozaStoreApplication.main(CozaStoreApplication.java:15)
	at java.base/jdk.internal.reflect.DirectMethodHandleAccessor.invoke(DirectMethodHandleAccessor.java:104)
	at java.base/java.lang.reflect.Method.invoke(Method.java:578)
	at org.springframework.boot.devtools.restart.RestartLauncher.run(RestartLauncher.java:50)
Caused by: java.lang.IllegalStateException: Failed to introspect Class [com.cybersoft.cozaStore.api.ApiRoleController] from ClassLoader [org.springframework.boot.devtools.restart.classloader.RestartClassLoader@42f8e3f6]
	at org.springframework.util.ReflectionUtils.getDeclaredFields(ReflectionUtils.java:732)
	at org.springframework.util.ReflectionUtils.doWithLocalFields(ReflectionUtils.java:664)
	at org.springframework.orm.jpa.support.PersistenceAnnotationBeanPostProcessor.buildPersistenceMetadata(PersistenceAnnotationBeanPostProcessor.java:436)
	at org.springframework.orm.jpa.support.PersistenceAnnotationBeanPostProcessor.findPersistenceMetadata(PersistenceAnnotationBeanPostProcessor.java:417)
	at org.springframework.orm.jpa.support.PersistenceAnnotationBeanPostProcessor.findInjectionMetadata(PersistenceAnnotationBeanPostProcessor.java:371)
	at org.springframework.orm.jpa.support.PersistenceAnnotationBeanPostProcessor.postProcessMergedBeanDefinition(PersistenceAnnotationBeanPostProcessor.java:353)
	at org.springframework.beans.factory.support.AbstractAutowireCapableBeanFactory.applyMergedBeanDefinitionPostProcessors(AbstractAutowireCapableBeanFactory.java:1083)
	at org.springframework.beans.factory.support.AbstractAutowireCapableBeanFactory.doCreateBean(AbstractAutowireCapableBeanFactory.java:572)
	... 18 common frames omitted
Caused by: java.lang.NoClassDefFoundError: com/cybersoft/cozaStore/service/imp/RoleServiceImp
	at java.base/java.lang.Class.getDeclaredFields0(Native Method)
	at java.base/java.lang.Class.privateGetDeclaredFields(Class.java:3353)
	at java.base/java.lang.Class.getDeclaredFields(Class.java:2424)
	at org.springframework.util.ReflectionUtils.getDeclaredFields(ReflectionUtils.java:727)
	... 25 common frames omitted
Caused by: java.lang.ClassNotFoundException: com.cybersoft.cozaStore.service.imp.RoleServiceImp
	at java.base/jdk.internal.loader.BuiltinClassLoader.loadClass(BuiltinClassLoader.java:641)
	at java.base/jdk.internal.loader.ClassLoaders$AppClassLoader.loadClass(ClassLoaders.java:188)
	at java.base/java.lang.ClassLoader.loadClass(ClassLoader.java:521)
	at java.base/java.lang.Class.forName0(Native Method)
	at java.base/java.lang.Class.forName(Class.java:495)
	at java.base/java.lang.Class.forName(Class.java:474)
	at org.springframework.boot.devtools.restart.classloader.RestartClassLoader.loadClass(RestartClassLoader.java:121)
	at java.base/java.lang.ClassLoader.loadClass(ClassLoader.java:521)
	... 29 common frames omitted
2024-01-25 00:38:47,670 WARN  DialectFactoryImpl:100 - [] HHH90000026: MySQL8Dialect has been deprecated; use org.hibernate.dialect.MySQLDialect instead
2024-01-25 00:38:47,724 WARN  RootClass:356 - [] HHH000038: Composite-id class does not override equals(): com.cybersoft.cozaStore.entity.BlogTagEntity
2024-01-25 00:38:47,724 WARN  RootClass:359 - [] HHH000039: Composite-id class does not override hashCode(): com.cybersoft.cozaStore.entity.BlogTagEntity
2024-01-25 00:38:47,725 WARN  RootClass:356 - [] HHH000038: Composite-id class does not override equals(): com.cybersoft.cozaStore.entity.keys.ProductOrderKeys
2024-01-25 00:38:47,725 WARN  RootClass:359 - [] HHH000039: Composite-id class does not override hashCode(): com.cybersoft.cozaStore.entity.keys.ProductOrderKeys
2024-01-25 00:38:48,267 WARN  JpaBaseConfiguration$JpaWebConfiguration:231 - [] spring.jpa.open-in-view is enabled by default. Therefore, database queries may be performed during view rendering. Explicitly configure spring.jpa.open-in-view to disable this warning
2024-01-25 00:38:48,421 WARN  AbstractApplicationContext:616 - [] Exception encountered during context initialization - cancelling refresh attempt: org.springframework.beans.factory.UnsatisfiedDependencyException: Error creating bean with name 'apiRoleController': Unsatisfied dependency expressed through field 'roleServiceImp': No qualifying bean of type 'com.cybersoft.cozaStore.service.imp.RoleServiceImp' available: expected at least 1 bean which qualifies as autowire candidate. Dependency annotations: {@org.springframework.beans.factory.annotation.Autowired(required=true)}
2024-01-25 00:38:48,442 ERROR LoggingFailureAnalysisReporter:40 - [] 

***************************
APPLICATION FAILED TO START
***************************

Description:

Field roleServiceImp in com.cybersoft.cozaStore.api.ApiRoleController required a bean of type 'com.cybersoft.cozaStore.service.imp.RoleServiceImp' that could not be found.

The injection point has the following annotations:
	- @org.springframework.beans.factory.annotation.Autowired(required=true)


Action:

Consider defining a bean of type 'com.cybersoft.cozaStore.service.imp.RoleServiceImp' in your configuration.

2024-01-25 00:38:54,213 WARN  DialectFactoryImpl:100 - [] HHH90000026: MySQL8Dialect has been deprecated; use org.hibernate.dialect.MySQLDialect instead
2024-01-25 00:38:54,293 WARN  RootClass:356 - [] HHH000038: Composite-id class does not override equals(): com.cybersoft.cozaStore.entity.BlogTagEntity
2024-01-25 00:38:54,293 WARN  RootClass:359 - [] HHH000039: Composite-id class does not override hashCode(): com.cybersoft.cozaStore.entity.BlogTagEntity
2024-01-25 00:38:54,293 WARN  RootClass:356 - [] HHH000038: Composite-id class does not override equals(): com.cybersoft.cozaStore.entity.keys.ProductOrderKeys
2024-01-25 00:38:54,294 WARN  RootClass:359 - [] HHH000039: Composite-id class does not override hashCode(): com.cybersoft.cozaStore.entity.keys.ProductOrderKeys
2024-01-25 00:38:55,126 WARN  JpaBaseConfiguration$JpaWebConfiguration:231 - [] spring.jpa.open-in-view is enabled by default. Therefore, database queries may be performed during view rendering. Explicitly configure spring.jpa.open-in-view to disable this warning
2024-01-25 00:38:55,230 WARN  AbstractApplicationContext:616 - [] Exception encountered during context initialization - cancelling refresh attempt: org.springframework.beans.factory.BeanCreationException: Error creating bean with name 'apiRoleController' defined in file [E:\JavaT2T6\Spring\cozaStore\cozaStore\target\classes\com\cybersoft\cozaStore\api\ApiRoleController.class]: Post-processing of merged bean definition failed
2024-01-25 00:38:55,287 ERROR SpringApplication:827 - [] Application run failed
org.springframework.beans.factory.BeanCreationException: Error creating bean with name 'apiRoleController' defined in file [E:\JavaT2T6\Spring\cozaStore\cozaStore\target\classes\com\cybersoft\cozaStore\api\ApiRoleController.class]: Post-processing of merged bean definition failed
	at org.springframework.beans.factory.support.AbstractAutowireCapableBeanFactory.doCreateBean(AbstractAutowireCapableBeanFactory.java:575)
	at org.springframework.beans.factory.support.AbstractAutowireCapableBeanFactory.createBean(AbstractAutowireCapableBeanFactory.java:520)
	at org.springframework.beans.factory.support.AbstractBeanFactory.lambda$doGetBean$0(AbstractBeanFactory.java:325)
	at org.springframework.beans.factory.support.DefaultSingletonBeanRegistry.getSingleton(DefaultSingletonBeanRegistry.java:234)
	at org.springframework.beans.factory.support.AbstractBeanFactory.doGetBean(AbstractBeanFactory.java:323)
	at org.springframework.beans.factory.support.AbstractBeanFactory.getBean(AbstractBeanFactory.java:199)
	at org.springframework.beans.factory.support.DefaultListableBeanFactory.preInstantiateSingletons(DefaultListableBeanFactory.java:973)
	at org.springframework.context.support.AbstractApplicationContext.finishBeanFactoryInitialization(AbstractApplicationContext.java:942)
	at org.springframework.context.support.AbstractApplicationContext.refresh(AbstractApplicationContext.java:608)
	at org.springframework.boot.web.servlet.context.ServletWebServerApplicationContext.refresh(ServletWebServerApplicationContext.java:146)
	at org.springframework.boot.SpringApplication.refresh(SpringApplication.java:737)
	at org.springframework.boot.SpringApplication.refreshContext(SpringApplication.java:439)
	at org.springframework.boot.SpringApplication.run(SpringApplication.java:315)
	at org.springframework.boot.SpringApplication.run(SpringApplication.java:1309)
	at org.springframework.boot.SpringApplication.run(SpringApplication.java:1298)
	at com.cybersoft.cozaStore.CozaStoreApplication.main(CozaStoreApplication.java:15)
	at java.base/jdk.internal.reflect.DirectMethodHandleAccessor.invoke(DirectMethodHandleAccessor.java:104)
	at java.base/java.lang.reflect.Method.invoke(Method.java:578)
	at org.springframework.boot.devtools.restart.RestartLauncher.run(RestartLauncher.java:50)
Caused by: java.lang.IllegalStateException: Failed to introspect Class [com.cybersoft.cozaStore.api.ApiRoleController] from ClassLoader [org.springframework.boot.devtools.restart.classloader.RestartClassLoader@6fb92ab3]
	at org.springframework.util.ReflectionUtils.getDeclaredFields(ReflectionUtils.java:732)
	at org.springframework.util.ReflectionUtils.doWithLocalFields(ReflectionUtils.java:664)
	at org.springframework.orm.jpa.support.PersistenceAnnotationBeanPostProcessor.buildPersistenceMetadata(PersistenceAnnotationBeanPostProcessor.java:436)
	at org.springframework.orm.jpa.support.PersistenceAnnotationBeanPostProcessor.findPersistenceMetadata(PersistenceAnnotationBeanPostProcessor.java:417)
	at org.springframework.orm.jpa.support.PersistenceAnnotationBeanPostProcessor.findInjectionMetadata(PersistenceAnnotationBeanPostProcessor.java:371)
	at org.springframework.orm.jpa.support.PersistenceAnnotationBeanPostProcessor.postProcessMergedBeanDefinition(PersistenceAnnotationBeanPostProcessor.java:353)
	at org.springframework.beans.factory.support.AbstractAutowireCapableBeanFactory.applyMergedBeanDefinitionPostProcessors(AbstractAutowireCapableBeanFactory.java:1083)
	at org.springframework.beans.factory.support.AbstractAutowireCapableBeanFactory.doCreateBean(AbstractAutowireCapableBeanFactory.java:572)
	... 18 common frames omitted
Caused by: java.lang.NoClassDefFoundError: com/cybersoft/cozaStore/service/imp/RoleServiceImp
	at java.base/java.lang.Class.getDeclaredFields0(Native Method)
	at java.base/java.lang.Class.privateGetDeclaredFields(Class.java:3353)
	at java.base/java.lang.Class.getDeclaredFields(Class.java:2424)
	at org.springframework.util.ReflectionUtils.getDeclaredFields(ReflectionUtils.java:727)
	... 25 common frames omitted
Caused by: java.lang.ClassNotFoundException: com.cybersoft.cozaStore.service.imp.RoleServiceImp
	at java.base/jdk.internal.loader.BuiltinClassLoader.loadClass(BuiltinClassLoader.java:641)
	at java.base/jdk.internal.loader.ClassLoaders$AppClassLoader.loadClass(ClassLoaders.java:188)
	at java.base/java.lang.ClassLoader.loadClass(ClassLoader.java:521)
	at java.base/java.lang.Class.forName0(Native Method)
	at java.base/java.lang.Class.forName(Class.java:495)
	at java.base/java.lang.Class.forName(Class.java:474)
	at org.springframework.boot.devtools.restart.classloader.RestartClassLoader.loadClass(RestartClassLoader.java:121)
	at java.base/java.lang.ClassLoader.loadClass(ClassLoader.java:521)
	... 29 common frames omitted
2024-01-25 00:39:02,584 WARN  DialectFactoryImpl:100 - [] HHH90000026: MySQL8Dialect has been deprecated; use org.hibernate.dialect.MySQLDialect instead
2024-01-25 00:39:02,649 WARN  RootClass:356 - [] HHH000038: Composite-id class does not override equals(): com.cybersoft.cozaStore.entity.BlogTagEntity
2024-01-25 00:39:02,650 WARN  RootClass:359 - [] HHH000039: Composite-id class does not override hashCode(): com.cybersoft.cozaStore.entity.BlogTagEntity
2024-01-25 00:39:02,650 WARN  RootClass:356 - [] HHH000038: Composite-id class does not override equals(): com.cybersoft.cozaStore.entity.keys.ProductOrderKeys
2024-01-25 00:39:02,650 WARN  RootClass:359 - [] HHH000039: Composite-id class does not override hashCode(): com.cybersoft.cozaStore.entity.keys.ProductOrderKeys
2024-01-25 00:39:03,122 WARN  JpaBaseConfiguration$JpaWebConfiguration:231 - [] spring.jpa.open-in-view is enabled by default. Therefore, database queries may be performed during view rendering. Explicitly configure spring.jpa.open-in-view to disable this warning
2024-01-25 00:39:03,220 WARN  AbstractApplicationContext:616 - [] Exception encountered during context initialization - cancelling refresh attempt: org.springframework.beans.factory.UnsatisfiedDependencyException: Error creating bean with name 'apiRoleController': Unsatisfied dependency expressed through field 'roleServiceImp': No qualifying bean of type 'com.cybersoft.cozaStore.service.imp.RoleServiceImp' available: expected at least 1 bean which qualifies as autowire candidate. Dependency annotations: {@org.springframework.beans.factory.annotation.Autowired(required=true)}
2024-01-25 00:39:03,253 ERROR LoggingFailureAnalysisReporter:40 - [] 

***************************
APPLICATION FAILED TO START
***************************

Description:

Field roleServiceImp in com.cybersoft.cozaStore.api.ApiRoleController required a bean of type 'com.cybersoft.cozaStore.service.imp.RoleServiceImp' that could not be found.

The injection point has the following annotations:
	- @org.springframework.beans.factory.annotation.Autowired(required=true)


Action:

Consider defining a bean of type 'com.cybersoft.cozaStore.service.imp.RoleServiceImp' in your configuration.

2024-01-25 00:39:07,306 WARN  DialectFactoryImpl:100 - [] HHH90000026: MySQL8Dialect has been deprecated; use org.hibernate.dialect.MySQLDialect instead
2024-01-25 00:39:07,358 WARN  RootClass:356 - [] HHH000038: Composite-id class does not override equals(): com.cybersoft.cozaStore.entity.BlogTagEntity
2024-01-25 00:39:07,358 WARN  RootClass:359 - [] HHH000039: Composite-id class does not override hashCode(): com.cybersoft.cozaStore.entity.BlogTagEntity
2024-01-25 00:39:07,359 WARN  RootClass:356 - [] HHH000038: Composite-id class does not override equals(): com.cybersoft.cozaStore.entity.keys.ProductOrderKeys
2024-01-25 00:39:07,359 WARN  RootClass:359 - [] HHH000039: Composite-id class does not override hashCode(): com.cybersoft.cozaStore.entity.keys.ProductOrderKeys
2024-01-25 00:39:07,731 WARN  JpaBaseConfiguration$JpaWebConfiguration:231 - [] spring.jpa.open-in-view is enabled by default. Therefore, database queries may be performed during view rendering. Explicitly configure spring.jpa.open-in-view to disable this warning
2024-01-25 00:39:07,819 WARN  AbstractApplicationContext:616 - [] Exception encountered during context initialization - cancelling refresh attempt: org.springframework.beans.factory.BeanCreationException: Error creating bean with name 'apiRoleController' defined in file [E:\JavaT2T6\Spring\cozaStore\cozaStore\target\classes\com\cybersoft\cozaStore\api\ApiRoleController.class]: Post-processing of merged bean definition failed
2024-01-25 00:39:07,871 ERROR SpringApplication:827 - [] Application run failed
org.springframework.beans.factory.BeanCreationException: Error creating bean with name 'apiRoleController' defined in file [E:\JavaT2T6\Spring\cozaStore\cozaStore\target\classes\com\cybersoft\cozaStore\api\ApiRoleController.class]: Post-processing of merged bean definition failed
	at org.springframework.beans.factory.support.AbstractAutowireCapableBeanFactory.doCreateBean(AbstractAutowireCapableBeanFactory.java:575)
	at org.springframework.beans.factory.support.AbstractAutowireCapableBeanFactory.createBean(AbstractAutowireCapableBeanFactory.java:520)
	at org.springframework.beans.factory.support.AbstractBeanFactory.lambda$doGetBean$0(AbstractBeanFactory.java:325)
	at org.springframework.beans.factory.support.DefaultSingletonBeanRegistry.getSingleton(DefaultSingletonBeanRegistry.java:234)
	at org.springframework.beans.factory.support.AbstractBeanFactory.doGetBean(AbstractBeanFactory.java:323)
	at org.springframework.beans.factory.support.AbstractBeanFactory.getBean(AbstractBeanFactory.java:199)
	at org.springframework.beans.factory.support.DefaultListableBeanFactory.preInstantiateSingletons(DefaultListableBeanFactory.java:973)
	at org.springframework.context.support.AbstractApplicationContext.finishBeanFactoryInitialization(AbstractApplicationContext.java:942)
	at org.springframework.context.support.AbstractApplicationContext.refresh(AbstractApplicationContext.java:608)
	at org.springframework.boot.web.servlet.context.ServletWebServerApplicationContext.refresh(ServletWebServerApplicationContext.java:146)
	at org.springframework.boot.SpringApplication.refresh(SpringApplication.java:737)
	at org.springframework.boot.SpringApplication.refreshContext(SpringApplication.java:439)
	at org.springframework.boot.SpringApplication.run(SpringApplication.java:315)
	at org.springframework.boot.SpringApplication.run(SpringApplication.java:1309)
	at org.springframework.boot.SpringApplication.run(SpringApplication.java:1298)
	at com.cybersoft.cozaStore.CozaStoreApplication.main(CozaStoreApplication.java:15)
	at java.base/jdk.internal.reflect.DirectMethodHandleAccessor.invoke(DirectMethodHandleAccessor.java:104)
	at java.base/java.lang.reflect.Method.invoke(Method.java:578)
	at org.springframework.boot.devtools.restart.RestartLauncher.run(RestartLauncher.java:50)
Caused by: java.lang.IllegalStateException: Failed to introspect Class [com.cybersoft.cozaStore.api.ApiRoleController] from ClassLoader [org.springframework.boot.devtools.restart.classloader.RestartClassLoader@2959ad76]
	at org.springframework.util.ReflectionUtils.getDeclaredFields(ReflectionUtils.java:732)
	at org.springframework.util.ReflectionUtils.doWithLocalFields(ReflectionUtils.java:664)
	at org.springframework.orm.jpa.support.PersistenceAnnotationBeanPostProcessor.buildPersistenceMetadata(PersistenceAnnotationBeanPostProcessor.java:436)
	at org.springframework.orm.jpa.support.PersistenceAnnotationBeanPostProcessor.findPersistenceMetadata(PersistenceAnnotationBeanPostProcessor.java:417)
	at org.springframework.orm.jpa.support.PersistenceAnnotationBeanPostProcessor.findInjectionMetadata(PersistenceAnnotationBeanPostProcessor.java:371)
	at org.springframework.orm.jpa.support.PersistenceAnnotationBeanPostProcessor.postProcessMergedBeanDefinition(PersistenceAnnotationBeanPostProcessor.java:353)
	at org.springframework.beans.factory.support.AbstractAutowireCapableBeanFactory.applyMergedBeanDefinitionPostProcessors(AbstractAutowireCapableBeanFactory.java:1083)
	at org.springframework.beans.factory.support.AbstractAutowireCapableBeanFactory.doCreateBean(AbstractAutowireCapableBeanFactory.java:572)
	... 18 common frames omitted
Caused by: java.lang.NoClassDefFoundError: com/cybersoft/cozaStore/service/imp/RoleServiceImp
	at java.base/java.lang.Class.getDeclaredFields0(Native Method)
	at java.base/java.lang.Class.privateGetDeclaredFields(Class.java:3353)
	at java.base/java.lang.Class.getDeclaredFields(Class.java:2424)
	at org.springframework.util.ReflectionUtils.getDeclaredFields(ReflectionUtils.java:727)
	... 25 common frames omitted
Caused by: java.lang.ClassNotFoundException: com.cybersoft.cozaStore.service.imp.RoleServiceImp
	at java.base/jdk.internal.loader.BuiltinClassLoader.loadClass(BuiltinClassLoader.java:641)
	at java.base/jdk.internal.loader.ClassLoaders$AppClassLoader.loadClass(ClassLoaders.java:188)
	at java.base/java.lang.ClassLoader.loadClass(ClassLoader.java:521)
	at java.base/java.lang.Class.forName0(Native Method)
	at java.base/java.lang.Class.forName(Class.java:495)
	at java.base/java.lang.Class.forName(Class.java:474)
	at org.springframework.boot.devtools.restart.classloader.RestartClassLoader.loadClass(RestartClassLoader.java:121)
	at java.base/java.lang.ClassLoader.loadClass(ClassLoader.java:521)
	... 29 common frames omitted
2024-01-25 00:39:12,127 WARN  DialectFactoryImpl:100 - [] HHH90000026: MySQL8Dialect has been deprecated; use org.hibernate.dialect.MySQLDialect instead
2024-01-25 00:39:12,187 WARN  RootClass:356 - [] HHH000038: Composite-id class does not override equals(): com.cybersoft.cozaStore.entity.BlogTagEntity
2024-01-25 00:39:12,187 WARN  RootClass:359 - [] HHH000039: Composite-id class does not override hashCode(): com.cybersoft.cozaStore.entity.BlogTagEntity
2024-01-25 00:39:12,188 WARN  RootClass:356 - [] HHH000038: Composite-id class does not override equals(): com.cybersoft.cozaStore.entity.keys.ProductOrderKeys
2024-01-25 00:39:12,188 WARN  RootClass:359 - [] HHH000039: Composite-id class does not override hashCode(): com.cybersoft.cozaStore.entity.keys.ProductOrderKeys
2024-01-25 00:39:12,608 WARN  JpaBaseConfiguration$JpaWebConfiguration:231 - [] spring.jpa.open-in-view is enabled by default. Therefore, database queries may be performed during view rendering. Explicitly configure spring.jpa.open-in-view to disable this warning
2024-01-25 00:39:12,745 WARN  AbstractApplicationContext:616 - [] Exception encountered during context initialization - cancelling refresh attempt: org.springframework.beans.factory.UnsatisfiedDependencyException: Error creating bean with name 'apiRoleController': Unsatisfied dependency expressed through field 'roleServiceImp': No qualifying bean of type 'com.cybersoft.cozaStore.service.imp.RoleServiceImp' available: expected at least 1 bean which qualifies as autowire candidate. Dependency annotations: {@org.springframework.beans.factory.annotation.Autowired(required=true)}
2024-01-25 00:39:12,771 ERROR LoggingFailureAnalysisReporter:40 - [] 

***************************
APPLICATION FAILED TO START
***************************

Description:

Field roleServiceImp in com.cybersoft.cozaStore.api.ApiRoleController required a bean of type 'com.cybersoft.cozaStore.service.imp.RoleServiceImp' that could not be found.

The injection point has the following annotations:
	- @org.springframework.beans.factory.annotation.Autowired(required=true)


Action:

Consider defining a bean of type 'com.cybersoft.cozaStore.service.imp.RoleServiceImp' in your configuration.

2024-01-25 00:39:16,854 WARN  DialectFactoryImpl:100 - [] HHH90000026: MySQL8Dialect has been deprecated; use org.hibernate.dialect.MySQLDialect instead
2024-01-25 00:39:16,900 WARN  RootClass:356 - [] HHH000038: Composite-id class does not override equals(): com.cybersoft.cozaStore.entity.BlogTagEntity
2024-01-25 00:39:16,900 WARN  RootClass:359 - [] HHH000039: Composite-id class does not override hashCode(): com.cybersoft.cozaStore.entity.BlogTagEntity
2024-01-25 00:39:16,900 WARN  RootClass:356 - [] HHH000038: Composite-id class does not override equals(): com.cybersoft.cozaStore.entity.keys.ProductOrderKeys
2024-01-25 00:39:16,900 WARN  RootClass:359 - [] HHH000039: Composite-id class does not override hashCode(): com.cybersoft.cozaStore.entity.keys.ProductOrderKeys
2024-01-25 00:39:17,230 WARN  JpaBaseConfiguration$JpaWebConfiguration:231 - [] spring.jpa.open-in-view is enabled by default. Therefore, database queries may be performed during view rendering. Explicitly configure spring.jpa.open-in-view to disable this warning
2024-01-25 00:39:17,318 WARN  AbstractApplicationContext:616 - [] Exception encountered during context initialization - cancelling refresh attempt: org.springframework.beans.factory.BeanCreationException: Error creating bean with name 'apiRoleController' defined in file [E:\JavaT2T6\Spring\cozaStore\cozaStore\target\classes\com\cybersoft\cozaStore\api\ApiRoleController.class]: Post-processing of merged bean definition failed
2024-01-25 00:39:17,352 ERROR SpringApplication:827 - [] Application run failed
org.springframework.beans.factory.BeanCreationException: Error creating bean with name 'apiRoleController' defined in file [E:\JavaT2T6\Spring\cozaStore\cozaStore\target\classes\com\cybersoft\cozaStore\api\ApiRoleController.class]: Post-processing of merged bean definition failed
	at org.springframework.beans.factory.support.AbstractAutowireCapableBeanFactory.doCreateBean(AbstractAutowireCapableBeanFactory.java:575)
	at org.springframework.beans.factory.support.AbstractAutowireCapableBeanFactory.createBean(AbstractAutowireCapableBeanFactory.java:520)
	at org.springframework.beans.factory.support.AbstractBeanFactory.lambda$doGetBean$0(AbstractBeanFactory.java:325)
	at org.springframework.beans.factory.support.DefaultSingletonBeanRegistry.getSingleton(DefaultSingletonBeanRegistry.java:234)
	at org.springframework.beans.factory.support.AbstractBeanFactory.doGetBean(AbstractBeanFactory.java:323)
	at org.springframework.beans.factory.support.AbstractBeanFactory.getBean(AbstractBeanFactory.java:199)
	at org.springframework.beans.factory.support.DefaultListableBeanFactory.preInstantiateSingletons(DefaultListableBeanFactory.java:973)
	at org.springframework.context.support.AbstractApplicationContext.finishBeanFactoryInitialization(AbstractApplicationContext.java:942)
	at org.springframework.context.support.AbstractApplicationContext.refresh(AbstractApplicationContext.java:608)
	at org.springframework.boot.web.servlet.context.ServletWebServerApplicationContext.refresh(ServletWebServerApplicationContext.java:146)
	at org.springframework.boot.SpringApplication.refresh(SpringApplication.java:737)
	at org.springframework.boot.SpringApplication.refreshContext(SpringApplication.java:439)
	at org.springframework.boot.SpringApplication.run(SpringApplication.java:315)
	at org.springframework.boot.SpringApplication.run(SpringApplication.java:1309)
	at org.springframework.boot.SpringApplication.run(SpringApplication.java:1298)
	at com.cybersoft.cozaStore.CozaStoreApplication.main(CozaStoreApplication.java:15)
	at java.base/jdk.internal.reflect.DirectMethodHandleAccessor.invoke(DirectMethodHandleAccessor.java:104)
	at java.base/java.lang.reflect.Method.invoke(Method.java:578)
	at org.springframework.boot.devtools.restart.RestartLauncher.run(RestartLauncher.java:50)
Caused by: java.lang.IllegalStateException: Failed to introspect Class [com.cybersoft.cozaStore.api.ApiRoleController] from ClassLoader [org.springframework.boot.devtools.restart.classloader.RestartClassLoader@6cf4ce59]
	at org.springframework.util.ReflectionUtils.getDeclaredFields(ReflectionUtils.java:732)
	at org.springframework.util.ReflectionUtils.doWithLocalFields(ReflectionUtils.java:664)
	at org.springframework.orm.jpa.support.PersistenceAnnotationBeanPostProcessor.buildPersistenceMetadata(PersistenceAnnotationBeanPostProcessor.java:436)
	at org.springframework.orm.jpa.support.PersistenceAnnotationBeanPostProcessor.findPersistenceMetadata(PersistenceAnnotationBeanPostProcessor.java:417)
	at org.springframework.orm.jpa.support.PersistenceAnnotationBeanPostProcessor.findInjectionMetadata(PersistenceAnnotationBeanPostProcessor.java:371)
	at org.springframework.orm.jpa.support.PersistenceAnnotationBeanPostProcessor.postProcessMergedBeanDefinition(PersistenceAnnotationBeanPostProcessor.java:353)
	at org.springframework.beans.factory.support.AbstractAutowireCapableBeanFactory.applyMergedBeanDefinitionPostProcessors(AbstractAutowireCapableBeanFactory.java:1083)
	at org.springframework.beans.factory.support.AbstractAutowireCapableBeanFactory.doCreateBean(AbstractAutowireCapableBeanFactory.java:572)
	... 18 common frames omitted
Caused by: java.lang.NoClassDefFoundError: com/cybersoft/cozaStore/service/imp/RoleServiceImp
	at java.base/java.lang.Class.getDeclaredFields0(Native Method)
	at java.base/java.lang.Class.privateGetDeclaredFields(Class.java:3353)
	at java.base/java.lang.Class.getDeclaredFields(Class.java:2424)
	at org.springframework.util.ReflectionUtils.getDeclaredFields(ReflectionUtils.java:727)
	... 25 common frames omitted
Caused by: java.lang.ClassNotFoundException: com.cybersoft.cozaStore.service.imp.RoleServiceImp
	at java.base/jdk.internal.loader.BuiltinClassLoader.loadClass(BuiltinClassLoader.java:641)
	at java.base/jdk.internal.loader.ClassLoaders$AppClassLoader.loadClass(ClassLoaders.java:188)
	at java.base/java.lang.ClassLoader.loadClass(ClassLoader.java:521)
	at java.base/java.lang.Class.forName0(Native Method)
	at java.base/java.lang.Class.forName(Class.java:495)
	at java.base/java.lang.Class.forName(Class.java:474)
	at org.springframework.boot.devtools.restart.classloader.RestartClassLoader.loadClass(RestartClassLoader.java:121)
	at java.base/java.lang.ClassLoader.loadClass(ClassLoader.java:521)
	... 29 common frames omitted
2024-01-25 00:39:21,598 WARN  DialectFactoryImpl:100 - [] HHH90000026: MySQL8Dialect has been deprecated; use org.hibernate.dialect.MySQLDialect instead
2024-01-25 00:39:21,706 WARN  RootClass:356 - [] HHH000038: Composite-id class does not override equals(): com.cybersoft.cozaStore.entity.BlogTagEntity
2024-01-25 00:39:21,707 WARN  RootClass:359 - [] HHH000039: Composite-id class does not override hashCode(): com.cybersoft.cozaStore.entity.BlogTagEntity
2024-01-25 00:39:21,707 WARN  RootClass:356 - [] HHH000038: Composite-id class does not override equals(): com.cybersoft.cozaStore.entity.keys.ProductOrderKeys
2024-01-25 00:39:21,707 WARN  RootClass:359 - [] HHH000039: Composite-id class does not override hashCode(): com.cybersoft.cozaStore.entity.keys.ProductOrderKeys
2024-01-25 00:39:22,342 WARN  JpaBaseConfiguration$JpaWebConfiguration:231 - [] spring.jpa.open-in-view is enabled by default. Therefore, database queries may be performed during view rendering. Explicitly configure spring.jpa.open-in-view to disable this warning
2024-01-25 00:39:22,448 WARN  AbstractApplicationContext:616 - [] Exception encountered during context initialization - cancelling refresh attempt: org.springframework.beans.factory.UnsatisfiedDependencyException: Error creating bean with name 'apiRoleController': Unsatisfied dependency expressed through field 'roleServiceImp': No qualifying bean of type 'com.cybersoft.cozaStore.service.imp.RoleServiceImp' available: expected at least 1 bean which qualifies as autowire candidate. Dependency annotations: {@org.springframework.beans.factory.annotation.Autowired(required=true)}
2024-01-25 00:39:22,521 ERROR LoggingFailureAnalysisReporter:40 - [] 

***************************
APPLICATION FAILED TO START
***************************

Description:

Field roleServiceImp in com.cybersoft.cozaStore.api.ApiRoleController required a bean of type 'com.cybersoft.cozaStore.service.imp.RoleServiceImp' that could not be found.

The injection point has the following annotations:
	- @org.springframework.beans.factory.annotation.Autowired(required=true)


Action:

Consider defining a bean of type 'com.cybersoft.cozaStore.service.imp.RoleServiceImp' in your configuration.

2024-01-25 00:39:27,751 WARN  DialectFactoryImpl:100 - [] HHH90000026: MySQL8Dialect has been deprecated; use org.hibernate.dialect.MySQLDialect instead
2024-01-25 00:39:27,805 WARN  RootClass:356 - [] HHH000038: Composite-id class does not override equals(): com.cybersoft.cozaStore.entity.BlogTagEntity
2024-01-25 00:39:27,805 WARN  RootClass:359 - [] HHH000039: Composite-id class does not override hashCode(): com.cybersoft.cozaStore.entity.BlogTagEntity
2024-01-25 00:39:27,805 WARN  RootClass:356 - [] HHH000038: Composite-id class does not override equals(): com.cybersoft.cozaStore.entity.keys.ProductOrderKeys
2024-01-25 00:39:27,805 WARN  RootClass:359 - [] HHH000039: Composite-id class does not override hashCode(): com.cybersoft.cozaStore.entity.keys.ProductOrderKeys
2024-01-25 00:39:28,702 WARN  JpaBaseConfiguration$JpaWebConfiguration:231 - [] spring.jpa.open-in-view is enabled by default. Therefore, database queries may be performed during view rendering. Explicitly configure spring.jpa.open-in-view to disable this warning
2024-01-25 00:39:28,897 WARN  AbstractApplicationContext:616 - [] Exception encountered during context initialization - cancelling refresh attempt: org.springframework.beans.factory.BeanCreationException: Error creating bean with name 'apiRoleController' defined in file [E:\JavaT2T6\Spring\cozaStore\cozaStore\target\classes\com\cybersoft\cozaStore\api\ApiRoleController.class]: Post-processing of merged bean definition failed
2024-01-25 00:39:28,949 ERROR SpringApplication:827 - [] Application run failed
org.springframework.beans.factory.BeanCreationException: Error creating bean with name 'apiRoleController' defined in file [E:\JavaT2T6\Spring\cozaStore\cozaStore\target\classes\com\cybersoft\cozaStore\api\ApiRoleController.class]: Post-processing of merged bean definition failed
	at org.springframework.beans.factory.support.AbstractAutowireCapableBeanFactory.doCreateBean(AbstractAutowireCapableBeanFactory.java:575)
	at org.springframework.beans.factory.support.AbstractAutowireCapableBeanFactory.createBean(AbstractAutowireCapableBeanFactory.java:520)
	at org.springframework.beans.factory.support.AbstractBeanFactory.lambda$doGetBean$0(AbstractBeanFactory.java:325)
	at org.springframework.beans.factory.support.DefaultSingletonBeanRegistry.getSingleton(DefaultSingletonBeanRegistry.java:234)
	at org.springframework.beans.factory.support.AbstractBeanFactory.doGetBean(AbstractBeanFactory.java:323)
	at org.springframework.beans.factory.support.AbstractBeanFactory.getBean(AbstractBeanFactory.java:199)
	at org.springframework.beans.factory.support.DefaultListableBeanFactory.preInstantiateSingletons(DefaultListableBeanFactory.java:973)
	at org.springframework.context.support.AbstractApplicationContext.finishBeanFactoryInitialization(AbstractApplicationContext.java:942)
	at org.springframework.context.support.AbstractApplicationContext.refresh(AbstractApplicationContext.java:608)
	at org.springframework.boot.web.servlet.context.ServletWebServerApplicationContext.refresh(ServletWebServerApplicationContext.java:146)
	at org.springframework.boot.SpringApplication.refresh(SpringApplication.java:737)
	at org.springframework.boot.SpringApplication.refreshContext(SpringApplication.java:439)
	at org.springframework.boot.SpringApplication.run(SpringApplication.java:315)
	at org.springframework.boot.SpringApplication.run(SpringApplication.java:1309)
	at org.springframework.boot.SpringApplication.run(SpringApplication.java:1298)
	at com.cybersoft.cozaStore.CozaStoreApplication.main(CozaStoreApplication.java:15)
	at java.base/jdk.internal.reflect.DirectMethodHandleAccessor.invoke(DirectMethodHandleAccessor.java:104)
	at java.base/java.lang.reflect.Method.invoke(Method.java:578)
	at org.springframework.boot.devtools.restart.RestartLauncher.run(RestartLauncher.java:50)
Caused by: java.lang.IllegalStateException: Failed to introspect Class [com.cybersoft.cozaStore.api.ApiRoleController] from ClassLoader [org.springframework.boot.devtools.restart.classloader.RestartClassLoader@7c8f9a5f]
	at org.springframework.util.ReflectionUtils.getDeclaredFields(ReflectionUtils.java:732)
	at org.springframework.util.ReflectionUtils.doWithLocalFields(ReflectionUtils.java:664)
	at org.springframework.orm.jpa.support.PersistenceAnnotationBeanPostProcessor.buildPersistenceMetadata(PersistenceAnnotationBeanPostProcessor.java:436)
	at org.springframework.orm.jpa.support.PersistenceAnnotationBeanPostProcessor.findPersistenceMetadata(PersistenceAnnotationBeanPostProcessor.java:417)
	at org.springframework.orm.jpa.support.PersistenceAnnotationBeanPostProcessor.findInjectionMetadata(PersistenceAnnotationBeanPostProcessor.java:371)
	at org.springframework.orm.jpa.support.PersistenceAnnotationBeanPostProcessor.postProcessMergedBeanDefinition(PersistenceAnnotationBeanPostProcessor.java:353)
	at org.springframework.beans.factory.support.AbstractAutowireCapableBeanFactory.applyMergedBeanDefinitionPostProcessors(AbstractAutowireCapableBeanFactory.java:1083)
	at org.springframework.beans.factory.support.AbstractAutowireCapableBeanFactory.doCreateBean(AbstractAutowireCapableBeanFactory.java:572)
	... 18 common frames omitted
Caused by: java.lang.NoClassDefFoundError: com/cybersoft/cozaStore/service/imp/RoleServiceImp
	at java.base/java.lang.Class.getDeclaredFields0(Native Method)
	at java.base/java.lang.Class.privateGetDeclaredFields(Class.java:3353)
	at java.base/java.lang.Class.getDeclaredFields(Class.java:2424)
	at org.springframework.util.ReflectionUtils.getDeclaredFields(ReflectionUtils.java:727)
	... 25 common frames omitted
Caused by: java.lang.ClassNotFoundException: com.cybersoft.cozaStore.service.imp.RoleServiceImp
	at java.base/jdk.internal.loader.BuiltinClassLoader.loadClass(BuiltinClassLoader.java:641)
	at java.base/jdk.internal.loader.ClassLoaders$AppClassLoader.loadClass(ClassLoaders.java:188)
	at java.base/java.lang.ClassLoader.loadClass(ClassLoader.java:521)
	at java.base/java.lang.Class.forName0(Native Method)
	at java.base/java.lang.Class.forName(Class.java:495)
	at java.base/java.lang.Class.forName(Class.java:474)
	at org.springframework.boot.devtools.restart.classloader.RestartClassLoader.loadClass(RestartClassLoader.java:121)
	at java.base/java.lang.ClassLoader.loadClass(ClassLoader.java:521)
	... 29 common frames omitted
2024-01-25 00:39:34,593 WARN  DialectFactoryImpl:100 - [] HHH90000026: MySQL8Dialect has been deprecated; use org.hibernate.dialect.MySQLDialect instead
2024-01-25 00:39:34,668 WARN  RootClass:356 - [] HHH000038: Composite-id class does not override equals(): com.cybersoft.cozaStore.entity.BlogTagEntity
2024-01-25 00:39:34,669 WARN  RootClass:359 - [] HHH000039: Composite-id class does not override hashCode(): com.cybersoft.cozaStore.entity.BlogTagEntity
2024-01-25 00:39:34,669 WARN  RootClass:356 - [] HHH000038: Composite-id class does not override equals(): com.cybersoft.cozaStore.entity.keys.ProductOrderKeys
2024-01-25 00:39:34,670 WARN  RootClass:359 - [] HHH000039: Composite-id class does not override hashCode(): com.cybersoft.cozaStore.entity.keys.ProductOrderKeys
2024-01-25 00:39:35,306 WARN  JpaBaseConfiguration$JpaWebConfiguration:231 - [] spring.jpa.open-in-view is enabled by default. Therefore, database queries may be performed during view rendering. Explicitly configure spring.jpa.open-in-view to disable this warning
2024-01-25 00:39:39,471 WARN  AbstractHandlerExceptionResolver:207 - [] Resolved [org.springframework.web.HttpRequestMethodNotSupportedException: Request method 'GET' is not supported]
2024-01-25 00:39:44,287 WARN  DialectFactoryImpl:100 - [] HHH90000026: MySQL8Dialect has been deprecated; use org.hibernate.dialect.MySQLDialect instead
2024-01-25 00:39:44,421 WARN  RootClass:356 - [] HHH000038: Composite-id class does not override equals(): com.cybersoft.cozaStore.entity.BlogTagEntity
2024-01-25 00:39:44,422 WARN  RootClass:359 - [] HHH000039: Composite-id class does not override hashCode(): com.cybersoft.cozaStore.entity.BlogTagEntity
2024-01-25 00:39:44,424 WARN  RootClass:356 - [] HHH000038: Composite-id class does not override equals(): com.cybersoft.cozaStore.entity.keys.ProductOrderKeys
2024-01-25 00:39:44,424 WARN  RootClass:359 - [] HHH000039: Composite-id class does not override hashCode(): com.cybersoft.cozaStore.entity.keys.ProductOrderKeys
2024-01-25 00:39:44,988 WARN  JpaBaseConfiguration$JpaWebConfiguration:231 - [] spring.jpa.open-in-view is enabled by default. Therefore, database queries may be performed during view rendering. Explicitly configure spring.jpa.open-in-view to disable this warning
2024-01-25 00:39:45,114 WARN  AbstractApplicationContext:616 - [] Exception encountered during context initialization - cancelling refresh attempt: org.springframework.beans.factory.UnsatisfiedDependencyException: Error creating bean with name 'apiRoleController': Unsatisfied dependency expressed through field 'roleServiceImp': No qualifying bean of type 'com.cybersoft.cozaStore.service.imp.RoleServiceImp' available: expected at least 1 bean which qualifies as autowire candidate. Dependency annotations: {@org.springframework.beans.factory.annotation.Autowired(required=true)}
2024-01-25 00:39:45,174 ERROR LoggingFailureAnalysisReporter:40 - [] 

***************************
APPLICATION FAILED TO START
***************************

Description:

Field roleServiceImp in com.cybersoft.cozaStore.api.ApiRoleController required a bean of type 'com.cybersoft.cozaStore.service.imp.RoleServiceImp' that could not be found.

The injection point has the following annotations:
	- @org.springframework.beans.factory.annotation.Autowired(required=true)


Action:

Consider defining a bean of type 'com.cybersoft.cozaStore.service.imp.RoleServiceImp' in your configuration.

2024-01-25 00:39:50,435 WARN  DialectFactoryImpl:100 - [] HHH90000026: MySQL8Dialect has been deprecated; use org.hibernate.dialect.MySQLDialect instead
2024-01-25 00:39:50,530 WARN  RootClass:356 - [] HHH000038: Composite-id class does not override equals(): com.cybersoft.cozaStore.entity.BlogTagEntity
2024-01-25 00:39:50,530 WARN  RootClass:359 - [] HHH000039: Composite-id class does not override hashCode(): com.cybersoft.cozaStore.entity.BlogTagEntity
2024-01-25 00:39:50,530 WARN  RootClass:356 - [] HHH000038: Composite-id class does not override equals(): com.cybersoft.cozaStore.entity.keys.ProductOrderKeys
2024-01-25 00:39:50,530 WARN  RootClass:359 - [] HHH000039: Composite-id class does not override hashCode(): com.cybersoft.cozaStore.entity.keys.ProductOrderKeys
2024-01-25 00:39:51,040 WARN  JpaBaseConfiguration$JpaWebConfiguration:231 - [] spring.jpa.open-in-view is enabled by default. Therefore, database queries may be performed during view rendering. Explicitly configure spring.jpa.open-in-view to disable this warning
2024-01-25 00:41:24,869 WARN  DialectFactoryImpl:100 - [] HHH90000026: MySQL8Dialect has been deprecated; use org.hibernate.dialect.MySQLDialect instead
2024-01-25 00:41:25,786 WARN  RootClass:356 - [] HHH000038: Composite-id class does not override equals(): com.cybersoft.cozaStore.entity.BlogTagEntity
2024-01-25 00:41:25,787 WARN  RootClass:359 - [] HHH000039: Composite-id class does not override hashCode(): com.cybersoft.cozaStore.entity.BlogTagEntity
2024-01-25 00:41:25,788 WARN  RootClass:356 - [] HHH000038: Composite-id class does not override equals(): com.cybersoft.cozaStore.entity.keys.ProductOrderKeys
2024-01-25 00:41:25,788 WARN  RootClass:359 - [] HHH000039: Composite-id class does not override hashCode(): com.cybersoft.cozaStore.entity.keys.ProductOrderKeys
2024-01-25 00:41:28,847 WARN  JpaBaseConfiguration$JpaWebConfiguration:231 - [] spring.jpa.open-in-view is enabled by default. Therefore, database queries may be performed during view rendering. Explicitly configure spring.jpa.open-in-view to disable this warning
2024-01-25 00:42:50,503 WARN  AbstractHandlerExceptionResolver:207 - [] Resolved [org.springframework.web.HttpRequestMethodNotSupportedException: Request method 'GET' is not supported]
2024-01-25 00:44:44,849 WARN  DialectFactoryImpl:100 - [] HHH90000026: MySQL8Dialect has been deprecated; use org.hibernate.dialect.MySQLDialect instead
2024-01-25 00:44:45,088 WARN  RootClass:356 - [] HHH000038: Composite-id class does not override equals(): com.cybersoft.cozaStore.entity.BlogTagEntity
2024-01-25 00:44:45,090 WARN  RootClass:359 - [] HHH000039: Composite-id class does not override hashCode(): com.cybersoft.cozaStore.entity.BlogTagEntity
2024-01-25 00:44:45,092 WARN  RootClass:356 - [] HHH000038: Composite-id class does not override equals(): com.cybersoft.cozaStore.entity.keys.ProductOrderKeys
2024-01-25 00:44:45,093 WARN  RootClass:359 - [] HHH000039: Composite-id class does not override hashCode(): com.cybersoft.cozaStore.entity.keys.ProductOrderKeys
2024-01-25 00:44:46,878 WARN  JpaBaseConfiguration$JpaWebConfiguration:231 - [] spring.jpa.open-in-view is enabled by default. Therefore, database queries may be performed during view rendering. Explicitly configure spring.jpa.open-in-view to disable this warning
2024-01-25 00:44:52,689 WARN  DialectFactoryImpl:100 - [] HHH90000026: MySQL8Dialect has been deprecated; use org.hibernate.dialect.MySQLDialect instead
2024-01-25 00:44:52,922 WARN  RootClass:356 - [] HHH000038: Composite-id class does not override equals(): com.cybersoft.cozaStore.entity.BlogTagEntity
2024-01-25 00:44:52,924 WARN  RootClass:359 - [] HHH000039: Composite-id class does not override hashCode(): com.cybersoft.cozaStore.entity.BlogTagEntity
2024-01-25 00:44:52,927 WARN  RootClass:356 - [] HHH000038: Composite-id class does not override equals(): com.cybersoft.cozaStore.entity.keys.ProductOrderKeys
2024-01-25 00:44:52,927 WARN  RootClass:359 - [] HHH000039: Composite-id class does not override hashCode(): com.cybersoft.cozaStore.entity.keys.ProductOrderKeys
2024-01-25 00:44:53,655 WARN  JpaBaseConfiguration$JpaWebConfiguration:231 - [] spring.jpa.open-in-view is enabled by default. Therefore, database queries may be performed during view rendering. Explicitly configure spring.jpa.open-in-view to disable this warning
2024-01-25 00:45:04,130 WARN  DialectFactoryImpl:100 - [] HHH90000026: MySQL8Dialect has been deprecated; use org.hibernate.dialect.MySQLDialect instead
2024-01-25 00:45:04,290 WARN  RootClass:356 - [] HHH000038: Composite-id class does not override equals(): com.cybersoft.cozaStore.entity.BlogTagEntity
2024-01-25 00:45:04,290 WARN  RootClass:359 - [] HHH000039: Composite-id class does not override hashCode(): com.cybersoft.cozaStore.entity.BlogTagEntity
2024-01-25 00:45:04,291 WARN  RootClass:356 - [] HHH000038: Composite-id class does not override equals(): com.cybersoft.cozaStore.entity.keys.ProductOrderKeys
2024-01-25 00:45:04,291 WARN  RootClass:359 - [] HHH000039: Composite-id class does not override hashCode(): com.cybersoft.cozaStore.entity.keys.ProductOrderKeys
2024-01-25 00:45:05,241 WARN  JpaBaseConfiguration$JpaWebConfiguration:231 - [] spring.jpa.open-in-view is enabled by default. Therefore, database queries may be performed during view rendering. Explicitly configure spring.jpa.open-in-view to disable this warning
2024-01-25 00:45:10,366 WARN  DialectFactoryImpl:100 - [] HHH90000026: MySQL8Dialect has been deprecated; use org.hibernate.dialect.MySQLDialect instead
2024-01-25 00:45:10,466 WARN  RootClass:356 - [] HHH000038: Composite-id class does not override equals(): com.cybersoft.cozaStore.entity.BlogTagEntity
2024-01-25 00:45:10,467 WARN  RootClass:359 - [] HHH000039: Composite-id class does not override hashCode(): com.cybersoft.cozaStore.entity.BlogTagEntity
2024-01-25 00:45:10,471 WARN  RootClass:356 - [] HHH000038: Composite-id class does not override equals(): com.cybersoft.cozaStore.entity.keys.ProductOrderKeys
2024-01-25 00:45:10,471 WARN  RootClass:359 - [] HHH000039: Composite-id class does not override hashCode(): com.cybersoft.cozaStore.entity.keys.ProductOrderKeys
2024-01-25 00:45:11,108 WARN  JpaBaseConfiguration$JpaWebConfiguration:231 - [] spring.jpa.open-in-view is enabled by default. Therefore, database queries may be performed during view rendering. Explicitly configure spring.jpa.open-in-view to disable this warning
2024-01-25 00:45:46,295 WARN  DialectFactoryImpl:100 - [] HHH90000026: MySQL8Dialect has been deprecated; use org.hibernate.dialect.MySQLDialect instead
2024-01-25 00:45:46,380 WARN  RootClass:356 - [] HHH000038: Composite-id class does not override equals(): com.cybersoft.cozaStore.entity.BlogTagEntity
2024-01-25 00:45:46,381 WARN  RootClass:359 - [] HHH000039: Composite-id class does not override hashCode(): com.cybersoft.cozaStore.entity.BlogTagEntity
2024-01-25 00:45:46,381 WARN  RootClass:356 - [] HHH000038: Composite-id class does not override equals(): com.cybersoft.cozaStore.entity.keys.ProductOrderKeys
2024-01-25 00:45:46,381 WARN  RootClass:359 - [] HHH000039: Composite-id class does not override hashCode(): com.cybersoft.cozaStore.entity.keys.ProductOrderKeys
2024-01-25 00:45:46,979 WARN  JpaBaseConfiguration$JpaWebConfiguration:231 - [] spring.jpa.open-in-view is enabled by default. Therefore, database queries may be performed during view rendering. Explicitly configure spring.jpa.open-in-view to disable this warning
2024-01-25 00:45:54,042 WARN  DialectFactoryImpl:100 - [] HHH90000026: MySQL8Dialect has been deprecated; use org.hibernate.dialect.MySQLDialect instead
2024-01-25 00:45:54,156 WARN  RootClass:356 - [] HHH000038: Composite-id class does not override equals(): com.cybersoft.cozaStore.entity.BlogTagEntity
2024-01-25 00:45:54,157 WARN  RootClass:359 - [] HHH000039: Composite-id class does not override hashCode(): com.cybersoft.cozaStore.entity.BlogTagEntity
2024-01-25 00:45:54,158 WARN  RootClass:356 - [] HHH000038: Composite-id class does not override equals(): com.cybersoft.cozaStore.entity.keys.ProductOrderKeys
2024-01-25 00:45:54,158 WARN  RootClass:359 - [] HHH000039: Composite-id class does not override hashCode(): com.cybersoft.cozaStore.entity.keys.ProductOrderKeys
2024-01-25 00:45:54,763 WARN  JpaBaseConfiguration$JpaWebConfiguration:231 - [] spring.jpa.open-in-view is enabled by default. Therefore, database queries may be performed during view rendering. Explicitly configure spring.jpa.open-in-view to disable this warning
2024-01-25 00:50:20,083 WARN  DialectFactoryImpl:100 - [] HHH90000026: MySQL8Dialect has been deprecated; use org.hibernate.dialect.MySQLDialect instead
2024-01-25 00:50:20,182 WARN  RootClass:356 - [] HHH000038: Composite-id class does not override equals(): com.cybersoft.cozaStore.entity.BlogTagEntity
2024-01-25 00:50:20,183 WARN  RootClass:359 - [] HHH000039: Composite-id class does not override hashCode(): com.cybersoft.cozaStore.entity.BlogTagEntity
2024-01-25 00:50:20,183 WARN  RootClass:356 - [] HHH000038: Composite-id class does not override equals(): com.cybersoft.cozaStore.entity.keys.ProductOrderKeys
2024-01-25 00:50:20,184 WARN  RootClass:359 - [] HHH000039: Composite-id class does not override hashCode(): com.cybersoft.cozaStore.entity.keys.ProductOrderKeys
2024-01-25 00:50:20,731 WARN  JpaBaseConfiguration$JpaWebConfiguration:231 - [] spring.jpa.open-in-view is enabled by default. Therefore, database queries may be performed during view rendering. Explicitly configure spring.jpa.open-in-view to disable this warning
2024-01-25 00:50:25,514 WARN  DialectFactoryImpl:100 - [] HHH90000026: MySQL8Dialect has been deprecated; use org.hibernate.dialect.MySQLDialect instead
2024-01-25 00:50:25,583 WARN  RootClass:356 - [] HHH000038: Composite-id class does not override equals(): com.cybersoft.cozaStore.entity.BlogTagEntity
2024-01-25 00:50:25,584 WARN  RootClass:359 - [] HHH000039: Composite-id class does not override hashCode(): com.cybersoft.cozaStore.entity.BlogTagEntity
2024-01-25 00:50:25,585 WARN  RootClass:356 - [] HHH000038: Composite-id class does not override equals(): com.cybersoft.cozaStore.entity.keys.ProductOrderKeys
2024-01-25 00:50:25,585 WARN  RootClass:359 - [] HHH000039: Composite-id class does not override hashCode(): com.cybersoft.cozaStore.entity.keys.ProductOrderKeys
2024-01-25 00:50:26,138 WARN  JpaBaseConfiguration$JpaWebConfiguration:231 - [] spring.jpa.open-in-view is enabled by default. Therefore, database queries may be performed during view rendering. Explicitly configure spring.jpa.open-in-view to disable this warning
