2024-01-26 00:08:43,864 WARN  DialectFactoryImpl:100 - [] HHH90000026: MySQL8Dialect has been deprecated; use org.hibernate.dialect.MySQLDialect instead
2024-01-26 00:08:43,929 WARN  RootClass:356 - [] HHH000038: Composite-id class does not override equals(): com.cybersoft.cozaStore.entity.BlogTagEntity
2024-01-26 00:08:43,930 WARN  RootClass:359 - [] HHH000039: Composite-id class does not override hashCode(): com.cybersoft.cozaStore.entity.BlogTagEntity
2024-01-26 00:08:43,930 WARN  RootClass:356 - [] HHH000038: Composite-id class does not override equals(): com.cybersoft.cozaStore.entity.keys.ProductOrderKeys
2024-01-26 00:08:43,930 WARN  RootClass:359 - [] HHH000039: Composite-id class does not override hashCode(): com.cybersoft.cozaStore.entity.keys.ProductOrderKeys
2024-01-26 00:08:44,532 WARN  JpaBaseConfiguration$JpaWebConfiguration:231 - [] spring.jpa.open-in-view is enabled by default. Therefore, database queries may be performed during view rendering. Explicitly configure spring.jpa.open-in-view to disable this warning
2024-01-26 00:08:48,365 WARN  DialectFactoryImpl:100 - [] HHH90000026: MySQL8Dialect has been deprecated; use org.hibernate.dialect.MySQLDialect instead
2024-01-26 00:08:48,430 WARN  RootClass:356 - [] HHH000038: Composite-id class does not override equals(): com.cybersoft.cozaStore.entity.BlogTagEntity
2024-01-26 00:08:48,433 WARN  RootClass:359 - [] HHH000039: Composite-id class does not override hashCode(): com.cybersoft.cozaStore.entity.BlogTagEntity
2024-01-26 00:08:48,435 WARN  RootClass:356 - [] HHH000038: Composite-id class does not override equals(): com.cybersoft.cozaStore.entity.keys.ProductOrderKeys
2024-01-26 00:08:48,435 WARN  RootClass:359 - [] HHH000039: Composite-id class does not override hashCode(): com.cybersoft.cozaStore.entity.keys.ProductOrderKeys
2024-01-26 00:08:48,846 WARN  JpaBaseConfiguration$JpaWebConfiguration:231 - [] spring.jpa.open-in-view is enabled by default. Therefore, database queries may be performed during view rendering. Explicitly configure spring.jpa.open-in-view to disable this warning
2024-01-26 00:09:30,251 WARN  DialectFactoryImpl:100 - [] HHH90000026: MySQL8Dialect has been deprecated; use org.hibernate.dialect.MySQLDialect instead
2024-01-26 00:09:30,311 WARN  RootClass:356 - [] HHH000038: Composite-id class does not override equals(): com.cybersoft.cozaStore.entity.BlogTagEntity
2024-01-26 00:09:30,311 WARN  RootClass:359 - [] HHH000039: Composite-id class does not override hashCode(): com.cybersoft.cozaStore.entity.BlogTagEntity
2024-01-26 00:09:30,312 WARN  RootClass:356 - [] HHH000038: Composite-id class does not override equals(): com.cybersoft.cozaStore.entity.keys.ProductOrderKeys
2024-01-26 00:09:30,312 WARN  RootClass:359 - [] HHH000039: Composite-id class does not override hashCode(): com.cybersoft.cozaStore.entity.keys.ProductOrderKeys
2024-01-26 00:09:30,721 WARN  JpaBaseConfiguration$JpaWebConfiguration:231 - [] spring.jpa.open-in-view is enabled by default. Therefore, database queries may be performed during view rendering. Explicitly configure spring.jpa.open-in-view to disable this warning
2024-01-26 00:09:34,178 WARN  DialectFactoryImpl:100 - [] HHH90000026: MySQL8Dialect has been deprecated; use org.hibernate.dialect.MySQLDialect instead
2024-01-26 00:09:34,236 WARN  RootClass:356 - [] HHH000038: Composite-id class does not override equals(): com.cybersoft.cozaStore.entity.BlogTagEntity
2024-01-26 00:09:34,236 WARN  RootClass:359 - [] HHH000039: Composite-id class does not override hashCode(): com.cybersoft.cozaStore.entity.BlogTagEntity
2024-01-26 00:09:34,236 WARN  RootClass:356 - [] HHH000038: Composite-id class does not override equals(): com.cybersoft.cozaStore.entity.keys.ProductOrderKeys
2024-01-26 00:09:34,236 WARN  RootClass:359 - [] HHH000039: Composite-id class does not override hashCode(): com.cybersoft.cozaStore.entity.keys.ProductOrderKeys
2024-01-26 00:09:34,565 WARN  JpaBaseConfiguration$JpaWebConfiguration:231 - [] spring.jpa.open-in-view is enabled by default. Therefore, database queries may be performed during view rendering. Explicitly configure spring.jpa.open-in-view to disable this warning
